{"C:\\Projects\\typescript\\src\\app.tsx": {"path":"C:\\Projects\\typescript\\src\\app.tsx","statementMap":{"0":{"start":{"line":9,"column":4},"end":{"line":15,"column":6}}},"fnMap":{"0":{"name":"App","decl":{"start":{"line":7,"column":24},"end":{"line":7,"column":27}},"loc":{"start":{"line":7,"column":43},"end":{"line":17,"column":1}},"line":7}},"branchMap":{},"s":{"0":1},"f":{"0":1},"b":{},"_coverageSchema":"1a1c01bbd47fc00a2c39e90264f33305004495a9","hash":"fa316f7a9283bc87a0e760b7431844cbc982a2cf"}
,"C:\\Projects\\typescript\\src\\index.tsx": {"path":"C:\\Projects\\typescript\\src\\index.tsx","statementMap":{"0":{"start":{"line":6,"column":0},"end":{"line":11,"column":2}}},"fnMap":{},"branchMap":{},"s":{"0":0},"f":{},"b":{}}
,"C:\\Projects\\typescript\\src\\components\\about.tsx": {"path":"C:\\Projects\\typescript\\src\\components\\about.tsx","statementMap":{"0":{"start":{"line":9,"column":25},"end":{"line":9,"column":35}},"1":{"start":{"line":12,"column":8},"end":{"line":12,"column":21}},"2":{"start":{"line":13,"column":8},"end":{"line":13,"column":45}},"3":{"start":{"line":17,"column":8},"end":{"line":17,"column":36}},"4":{"start":{"line":21,"column":21},"end":{"line":21,"column":60}},"5":{"start":{"line":22,"column":8},"end":{"line":22,"column":56}},"6":{"start":{"line":26,"column":8},"end":{"line":37,"column":9}},"7":{"start":{"line":28,"column":16},"end":{"line":28,"column":83}},"8":{"start":{"line":30,"column":16},"end":{"line":30,"column":84}},"9":{"start":{"line":32,"column":16},"end":{"line":32,"column":80}},"10":{"start":{"line":34,"column":16},"end":{"line":34,"column":83}},"11":{"start":{"line":36,"column":16},"end":{"line":36,"column":29}},"12":{"start":{"line":41,"column":8},"end":{"line":41,"column":32}},"13":{"start":{"line":45,"column":24},"end":{"line":45,"column":34}},"14":{"start":{"line":46,"column":8},"end":{"line":46,"column":58}},"15":{"start":{"line":47,"column":8},"end":{"line":107,"column":10}},"16":{"start":{"line":49,"column":63},"end":{"line":49,"column":82}}},"fnMap":{"0":{"name":"(anonymous_0)","decl":{"start":{"line":11,"column":4},"end":{"line":11,"column":5}},"loc":{"start":{"line":11,"column":48},"end":{"line":14,"column":5}},"line":11},"1":{"name":"(anonymous_1)","decl":{"start":{"line":16,"column":4},"end":{"line":16,"column":5}},"loc":{"start":{"line":16,"column":24},"end":{"line":18,"column":5}},"line":16},"2":{"name":"(anonymous_2)","decl":{"start":{"line":20,"column":4},"end":{"line":20,"column":5}},"loc":{"start":{"line":20,"column":41},"end":{"line":23,"column":5}},"line":20},"3":{"name":"(anonymous_3)","decl":{"start":{"line":25,"column":4},"end":{"line":25,"column":5}},"loc":{"start":{"line":25,"column":46},"end":{"line":38,"column":5}},"line":25},"4":{"name":"(anonymous_4)","decl":{"start":{"line":40,"column":4},"end":{"line":40,"column":5}},"loc":{"start":{"line":40,"column":51},"end":{"line":42,"column":5}},"line":40},"5":{"name":"(anonymous_5)","decl":{"start":{"line":44,"column":4},"end":{"line":44,"column":5}},"loc":{"start":{"line":44,"column":13},"end":{"line":108,"column":5}},"line":44},"6":{"name":"(anonymous_6)","decl":{"start":{"line":49,"column":54},"end":{"line":49,"column":55}},"loc":{"start":{"line":49,"column":63},"end":{"line":49,"column":82}},"line":49}},"branchMap":{"0":{"loc":{"start":{"line":26,"column":8},"end":{"line":37,"column":9}},"type":"switch","locations":[{"start":{"line":27,"column":12},"end":{"line":28,"column":83}},{"start":{"line":29,"column":12},"end":{"line":30,"column":84}},{"start":{"line":31,"column":12},"end":{"line":32,"column":80}},{"start":{"line":33,"column":12},"end":{"line":34,"column":83}},{"start":{"line":35,"column":12},"end":{"line":36,"column":29}}],"line":26}},"s":{"0":1,"1":0,"2":0,"3":0,"4":0,"5":0,"6":0,"7":0,"8":0,"9":0,"10":0,"11":0,"12":0,"13":0,"14":0,"15":0,"16":0},"f":{"0":0,"1":0,"2":0,"3":0,"4":0,"5":0,"6":0},"b":{"0":[0,0,0,0,0]},"_coverageSchema":"1a1c01bbd47fc00a2c39e90264f33305004495a9","hash":"bc3b8573bf451016ccf67e403581dc2644f8644d"}
,"C:\\Projects\\typescript\\src\\components\\auditor-dash.tsx": {"path":"C:\\Projects\\typescript\\src\\components\\auditor-dash.tsx","statementMap":{"0":{"start":{"line":11,"column":32},"end":{"line":11,"column":60}},"1":{"start":{"line":12,"column":34},"end":{"line":12,"column":62}},"2":{"start":{"line":13,"column":32},"end":{"line":13,"column":44}},"3":{"start":{"line":14,"column":34},"end":{"line":14,"column":63}},"4":{"start":{"line":15,"column":38},"end":{"line":15,"column":72}},"5":{"start":{"line":17,"column":4},"end":{"line":26,"column":11}},"6":{"start":{"line":18,"column":8},"end":{"line":25,"column":11}},"7":{"start":{"line":19,"column":12},"end":{"line":19,"column":33}},"8":{"start":{"line":20,"column":26},"end":{"line":21,"column":76}},"9":{"start":{"line":20,"column":71},"end":{"line":20,"column":83}},"10":{"start":{"line":21,"column":41},"end":{"line":21,"column":75}},"11":{"start":{"line":22,"column":12},"end":{"line":22,"column":32}},"12":{"start":{"line":23,"column":12},"end":{"line":23,"column":31}},"13":{"start":{"line":24,"column":12},"end":{"line":24,"column":32}},"14":{"start":{"line":29,"column":8},"end":{"line":29,"column":26}},"15":{"start":{"line":30,"column":23},"end":{"line":30,"column":48}},"16":{"start":{"line":31,"column":23},"end":{"line":31,"column":94}},"17":{"start":{"line":31,"column":58},"end":{"line":31,"column":81}},"18":{"start":{"line":32,"column":8},"end":{"line":35,"column":11}},"19":{"start":{"line":33,"column":24},"end":{"line":33,"column":49}},"20":{"start":{"line":34,"column":12},"end":{"line":34,"column":61}},"21":{"start":{"line":36,"column":30},"end":{"line":36,"column":32}},"22":{"start":{"line":37,"column":8},"end":{"line":37,"column":91}},"23":{"start":{"line":37,"column":41},"end":{"line":37,"column":89}},"24":{"start":{"line":38,"column":8},"end":{"line":38,"column":26}},"25":{"start":{"line":42,"column":23},"end":{"line":42,"column":48}},"26":{"start":{"line":43,"column":8},"end":{"line":46,"column":11}},"27":{"start":{"line":44,"column":24},"end":{"line":44,"column":49}},"28":{"start":{"line":45,"column":12},"end":{"line":45,"column":61}},"29":{"start":{"line":47,"column":30},"end":{"line":47,"column":32}},"30":{"start":{"line":48,"column":8},"end":{"line":48,"column":91}},"31":{"start":{"line":48,"column":41},"end":{"line":48,"column":89}},"32":{"start":{"line":49,"column":8},"end":{"line":49,"column":26}},"33":{"start":{"line":53,"column":24},"end":{"line":53,"column":49}},"34":{"start":{"line":54,"column":8},"end":{"line":57,"column":11}},"35":{"start":{"line":55,"column":25},"end":{"line":55,"column":52}},"36":{"start":{"line":56,"column":12},"end":{"line":56,"column":65}},"37":{"start":{"line":58,"column":31},"end":{"line":58,"column":33}},"38":{"start":{"line":59,"column":20},"end":{"line":59,"column":21}},"39":{"start":{"line":60,"column":8},"end":{"line":60,"column":84}},"40":{"start":{"line":60,"column":42},"end":{"line":60,"column":82}},"41":{"start":{"line":61,"column":8},"end":{"line":61,"column":28}},"42":{"start":{"line":64,"column":4},"end":{"line":84,"column":6}},"43":{"start":{"line":71,"column":73},"end":{"line":71,"column":103}},"44":{"start":{"line":73,"column":51},"end":{"line":73,"column":104}},"45":{"start":{"line":79,"column":128},"end":{"line":79,"column":135}}},"fnMap":{"0":{"name":"AuditorDash","decl":{"start":{"line":10,"column":24},"end":{"line":10,"column":35}},"loc":{"start":{"line":10,"column":51},"end":{"line":85,"column":1}},"line":10},"1":{"name":"(anonymous_1)","decl":{"start":{"line":17,"column":14},"end":{"line":17,"column":15}},"loc":{"start":{"line":17,"column":20},"end":{"line":26,"column":5}},"line":17},"2":{"name":"(anonymous_2)","decl":{"start":{"line":18,"column":42},"end":{"line":18,"column":43}},"loc":{"start":{"line":18,"column":52},"end":{"line":25,"column":9}},"line":18},"3":{"name":"(anonymous_3)","decl":{"start":{"line":20,"column":62},"end":{"line":20,"column":63}},"loc":{"start":{"line":20,"column":71},"end":{"line":20,"column":83}},"line":20},"4":{"name":"(anonymous_4)","decl":{"start":{"line":21,"column":22},"end":{"line":21,"column":23}},"loc":{"start":{"line":21,"column":41},"end":{"line":21,"column":75}},"line":21},"5":{"name":"onChangeRegion","decl":{"start":{"line":28,"column":13},"end":{"line":28,"column":27}},"loc":{"start":{"line":28,"column":50},"end":{"line":39,"column":5}},"line":28},"6":{"name":"(anonymous_6)","decl":{"start":{"line":31,"column":49},"end":{"line":31,"column":50}},"loc":{"start":{"line":31,"column":58},"end":{"line":31,"column":81}},"line":31},"7":{"name":"(anonymous_7)","decl":{"start":{"line":32,"column":25},"end":{"line":32,"column":26}},"loc":{"start":{"line":32,"column":34},"end":{"line":35,"column":9}},"line":32},"8":{"name":"(anonymous_8)","decl":{"start":{"line":37,"column":25},"end":{"line":37,"column":26}},"loc":{"start":{"line":37,"column":41},"end":{"line":37,"column":89}},"line":37},"9":{"name":"loadCounts","decl":{"start":{"line":41,"column":13},"end":{"line":41,"column":23}},"loc":{"start":{"line":41,"column":56},"end":{"line":50,"column":5}},"line":41},"10":{"name":"(anonymous_10)","decl":{"start":{"line":43,"column":26},"end":{"line":43,"column":27}},"loc":{"start":{"line":43,"column":35},"end":{"line":46,"column":9}},"line":43},"11":{"name":"(anonymous_11)","decl":{"start":{"line":48,"column":25},"end":{"line":48,"column":26}},"loc":{"start":{"line":48,"column":41},"end":{"line":48,"column":89}},"line":48},"12":{"name":"loadVolumes","decl":{"start":{"line":52,"column":13},"end":{"line":52,"column":24}},"loc":{"start":{"line":52,"column":57},"end":{"line":62,"column":5}},"line":52},"13":{"name":"(anonymous_13)","decl":{"start":{"line":54,"column":26},"end":{"line":54,"column":27}},"loc":{"start":{"line":54,"column":35},"end":{"line":57,"column":9}},"line":54},"14":{"name":"(anonymous_14)","decl":{"start":{"line":60,"column":26},"end":{"line":60,"column":27}},"loc":{"start":{"line":60,"column":42},"end":{"line":60,"column":82}},"line":60},"15":{"name":"(anonymous_15)","decl":{"start":{"line":71,"column":68},"end":{"line":71,"column":69}},"loc":{"start":{"line":71,"column":73},"end":{"line":71,"column":103}},"line":71},"16":{"name":"(anonymous_16)","decl":{"start":{"line":73,"column":41},"end":{"line":73,"column":42}},"loc":{"start":{"line":73,"column":51},"end":{"line":73,"column":104}},"line":73},"17":{"name":"(anonymous_17)","decl":{"start":{"line":79,"column":115},"end":{"line":79,"column":116}},"loc":{"start":{"line":79,"column":128},"end":{"line":79,"column":135}},"line":79}},"branchMap":{"0":{"loc":{"start":{"line":31,"column":23},"end":{"line":31,"column":94}},"type":"cond-expr","locations":[{"start":{"line":31,"column":32},"end":{"line":31,"column":82}},{"start":{"line":31,"column":85},"end":{"line":31,"column":94}}],"line":31},"1":{"loc":{"start":{"line":34,"column":38},"end":{"line":34,"column":59}},"type":"cond-expr","locations":[{"start":{"line":34,"column":46},"end":{"line":34,"column":55}},{"start":{"line":34,"column":58},"end":{"line":34,"column":59}}],"line":34},"2":{"loc":{"start":{"line":45,"column":38},"end":{"line":45,"column":59}},"type":"cond-expr","locations":[{"start":{"line":45,"column":46},"end":{"line":45,"column":55}},{"start":{"line":45,"column":58},"end":{"line":45,"column":59}}],"line":45},"3":{"loc":{"start":{"line":56,"column":40},"end":{"line":56,"column":63}},"type":"cond-expr","locations":[{"start":{"line":56,"column":49},"end":{"line":56,"column":59}},{"start":{"line":56,"column":62},"end":{"line":56,"column":63}}],"line":56}},"s":{"0":0,"1":0,"2":0,"3":0,"4":0,"5":0,"6":0,"7":0,"8":0,"9":0,"10":0,"11":0,"12":0,"13":0,"14":0,"15":0,"16":0,"17":0,"18":0,"19":0,"20":0,"21":0,"22":0,"23":0,"24":0,"25":0,"26":0,"27":0,"28":0,"29":0,"30":0,"31":0,"32":0,"33":0,"34":0,"35":0,"36":0,"37":0,"38":0,"39":0,"40":0,"41":0,"42":0,"43":0,"44":0,"45":0},"f":{"0":0,"1":0,"2":0,"3":0,"4":0,"5":0,"6":0,"7":0,"8":0,"9":0,"10":0,"11":0,"12":0,"13":0,"14":0,"15":0,"16":0,"17":0},"b":{"0":[0,0],"1":[0,0],"2":[0,0],"3":[0,0]},"_coverageSchema":"1a1c01bbd47fc00a2c39e90264f33305004495a9","hash":"8b5c1fae5bdc63b5ec58831a37308be9d3eac611"}
,"C:\\Projects\\typescript\\src\\components\\header.tsx": {"path":"C:\\Projects\\typescript\\src\\components\\header.tsx","statementMap":{"0":{"start":{"line":9,"column":20},"end":{"line":9,"column":42}},"1":{"start":{"line":10,"column":28},"end":{"line":10,"column":40}},"2":{"start":{"line":11,"column":28},"end":{"line":11,"column":40}},"3":{"start":{"line":13,"column":4},"end":{"line":19,"column":25}},"4":{"start":{"line":14,"column":8},"end":{"line":14,"column":29}},"5":{"start":{"line":15,"column":25},"end":{"line":17,"column":16}},"6":{"start":{"line":16,"column":12},"end":{"line":16,"column":33}},"7":{"start":{"line":18,"column":8},"end":{"line":18,"column":45}},"8":{"start":{"line":18,"column":21},"end":{"line":18,"column":44}},"9":{"start":{"line":22,"column":19},"end":{"line":22,"column":57}},"10":{"start":{"line":23,"column":8},"end":{"line":23,"column":22}},"11":{"start":{"line":24,"column":19},"end":{"line":24,"column":57}},"12":{"start":{"line":25,"column":8},"end":{"line":25,"column":22}},"13":{"start":{"line":28,"column":4},"end":{"line":47,"column":6}}},"fnMap":{"0":{"name":"Header","decl":{"start":{"line":8,"column":24},"end":{"line":8,"column":30}},"loc":{"start":{"line":8,"column":46},"end":{"line":48,"column":1}},"line":8},"1":{"name":"(anonymous_1)","decl":{"start":{"line":13,"column":14},"end":{"line":13,"column":15}},"loc":{"start":{"line":13,"column":20},"end":{"line":19,"column":5}},"line":13},"2":{"name":"(anonymous_2)","decl":{"start":{"line":15,"column":37},"end":{"line":15,"column":38}},"loc":{"start":{"line":15,"column":43},"end":{"line":17,"column":9}},"line":15},"3":{"name":"(anonymous_3)","decl":{"start":{"line":18,"column":15},"end":{"line":18,"column":16}},"loc":{"start":{"line":18,"column":21},"end":{"line":18,"column":44}},"line":18},"4":{"name":"setClock","decl":{"start":{"line":21,"column":13},"end":{"line":21,"column":21}},"loc":{"start":{"line":21,"column":39},"end":{"line":26,"column":5}},"line":21}},"branchMap":{},"s":{"0":0,"1":0,"2":0,"3":0,"4":0,"5":0,"6":0,"7":0,"8":0,"9":0,"10":0,"11":0,"12":0,"13":0},"f":{"0":0,"1":0,"2":0,"3":0,"4":0},"b":{},"_coverageSchema":"1a1c01bbd47fc00a2c39e90264f33305004495a9","hash":"232aa375c0d5d01d1133ec2c9ab10f99b5bdf97a"}
,"C:\\Projects\\typescript\\src\\components\\login.tsx": {"path":"C:\\Projects\\typescript\\src\\components\\login.tsx","statementMap":{"0":{"start":{"line":12,"column":30},"end":{"line":12,"column":42}},"1":{"start":{"line":13,"column":36},"end":{"line":13,"column":48}},"2":{"start":{"line":14,"column":34},"end":{"line":14,"column":46}},"3":{"start":{"line":15,"column":36},"end":{"line":15,"column":51}},"4":{"start":{"line":16,"column":32},"end":{"line":16,"column":84}},"5":{"start":{"line":17,"column":20},"end":{"line":17,"column":32}},"6":{"start":{"line":18,"column":20},"end":{"line":18,"column":42}},"7":{"start":{"line":19,"column":20},"end":{"line":23,"column":10}},"8":{"start":{"line":19,"column":34},"end":{"line":23,"column":5}},"9":{"start":{"line":25,"column":4},"end":{"line":33,"column":18}},"10":{"start":{"line":26,"column":20},"end":{"line":26,"column":67}},"11":{"start":{"line":27,"column":8},"end":{"line":30,"column":9}},"12":{"start":{"line":28,"column":12},"end":{"line":28,"column":30}},"13":{"start":{"line":29,"column":12},"end":{"line":29,"column":28}},"14":{"start":{"line":31,"column":23},"end":{"line":31,"column":71}},"15":{"start":{"line":32,"column":8},"end":{"line":32,"column":49}},"16":{"start":{"line":36,"column":8},"end":{"line":36,"column":31}},"17":{"start":{"line":37,"column":8},"end":{"line":49,"column":11}},"18":{"start":{"line":38,"column":12},"end":{"line":48,"column":13}},"19":{"start":{"line":39,"column":16},"end":{"line":39,"column":40}},"20":{"start":{"line":40,"column":16},"end":{"line":40,"column":76}},"21":{"start":{"line":41,"column":16},"end":{"line":41,"column":68}},"22":{"start":{"line":42,"column":16},"end":{"line":42,"column":46}},"23":{"start":{"line":43,"column":16},"end":{"line":43,"column":92}},"24":{"start":{"line":44,"column":16},"end":{"line":44,"column":92}},"25":{"start":{"line":45,"column":16},"end":{"line":45,"column":73}},"26":{"start":{"line":47,"column":16},"end":{"line":47,"column":50}},"27":{"start":{"line":53,"column":8},"end":{"line":53,"column":35}},"28":{"start":{"line":56,"column":4},"end":{"line":91,"column":6}},"29":{"start":{"line":63,"column":114},"end":{"line":63,"column":149}},"30":{"start":{"line":65,"column":51},"end":{"line":65,"column":118}},"31":{"start":{"line":73,"column":42},"end":{"line":73,"column":66}},"32":{"start":{"line":76,"column":81},"end":{"line":76,"column":110}},"33":{"start":{"line":81,"column":42},"end":{"line":81,"column":69}}},"fnMap":{"0":{"name":"Login","decl":{"start":{"line":11,"column":24},"end":{"line":11,"column":29}},"loc":{"start":{"line":11,"column":45},"end":{"line":92,"column":1}},"line":11},"1":{"name":"(anonymous_1)","decl":{"start":{"line":19,"column":28},"end":{"line":19,"column":29}},"loc":{"start":{"line":19,"column":34},"end":{"line":23,"column":5}},"line":19},"2":{"name":"(anonymous_2)","decl":{"start":{"line":25,"column":14},"end":{"line":25,"column":15}},"loc":{"start":{"line":25,"column":20},"end":{"line":33,"column":5}},"line":25},"3":{"name":"onSubmit","decl":{"start":{"line":35,"column":13},"end":{"line":35,"column":21}},"loc":{"start":{"line":35,"column":46},"end":{"line":50,"column":5}},"line":35},"4":{"name":"(anonymous_4)","decl":{"start":{"line":37,"column":58},"end":{"line":37,"column":59}},"loc":{"start":{"line":37,"column":70},"end":{"line":49,"column":9}},"line":37},"5":{"name":"isDisabled","decl":{"start":{"line":52,"column":13},"end":{"line":52,"column":23}},"loc":{"start":{"line":52,"column":35},"end":{"line":54,"column":5}},"line":52},"6":{"name":"(anonymous_6)","decl":{"start":{"line":63,"column":109},"end":{"line":63,"column":110}},"loc":{"start":{"line":63,"column":114},"end":{"line":63,"column":149}},"line":63},"7":{"name":"(anonymous_7)","decl":{"start":{"line":65,"column":41},"end":{"line":65,"column":42}},"loc":{"start":{"line":65,"column":51},"end":{"line":65,"column":118}},"line":65},"8":{"name":"(anonymous_8)","decl":{"start":{"line":73,"column":37},"end":{"line":73,"column":38}},"loc":{"start":{"line":73,"column":42},"end":{"line":73,"column":66}},"line":73},"9":{"name":"(anonymous_9)","decl":{"start":{"line":76,"column":76},"end":{"line":76,"column":77}},"loc":{"start":{"line":76,"column":81},"end":{"line":76,"column":110}},"line":76},"10":{"name":"(anonymous_10)","decl":{"start":{"line":81,"column":37},"end":{"line":81,"column":38}},"loc":{"start":{"line":81,"column":42},"end":{"line":81,"column":69}},"line":81}},"branchMap":{"0":{"loc":{"start":{"line":27,"column":8},"end":{"line":30,"column":9}},"type":"if","locations":[{"start":{"line":27,"column":8},"end":{"line":30,"column":9}},{"start":{},"end":{}}],"line":27},"1":{"loc":{"start":{"line":32,"column":26},"end":{"line":32,"column":46}},"type":"cond-expr","locations":[{"start":{"line":32,"column":35},"end":{"line":32,"column":42}},{"start":{"line":32,"column":45},"end":{"line":32,"column":46}}],"line":32},"2":{"loc":{"start":{"line":38,"column":12},"end":{"line":48,"column":13}},"type":"if","locations":[{"start":{"line":38,"column":12},"end":{"line":48,"column":13}},{"start":{"line":46,"column":19},"end":{"line":48,"column":13}}],"line":38},"3":{"loc":{"start":{"line":38,"column":16},"end":{"line":38,"column":47}},"type":"binary-expr","locations":[{"start":{"line":38,"column":16},"end":{"line":38,"column":24}},{"start":{"line":38,"column":28},"end":{"line":38,"column":47}}],"line":38},"4":{"loc":{"start":{"line":43,"column":71},"end":{"line":43,"column":90}},"type":"cond-expr","locations":[{"start":{"line":43,"column":82},"end":{"line":43,"column":84}},{"start":{"line":43,"column":87},"end":{"line":43,"column":90}}],"line":43},"5":{"loc":{"start":{"line":53,"column":15},"end":{"line":53,"column":34}},"type":"binary-expr","locations":[{"start":{"line":53,"column":15},"end":{"line":53,"column":21}},{"start":{"line":53,"column":25},"end":{"line":53,"column":34}}],"line":53},"6":{"loc":{"start":{"line":84,"column":74},"end":{"line":84,"column":106}},"type":"binary-expr","locations":[{"start":{"line":84,"column":74},"end":{"line":84,"column":86}},{"start":{"line":84,"column":90},"end":{"line":84,"column":106}}],"line":84}},"s":{"0":19,"1":19,"2":19,"3":19,"4":19,"5":19,"6":19,"7":19,"8":3,"9":19,"10":3,"11":3,"12":0,"13":0,"14":3,"15":3,"16":0,"17":0,"18":0,"19":0,"20":0,"21":0,"22":0,"23":0,"24":0,"25":0,"26":0,"27":38,"28":19,"29":0,"30":57,"31":7,"32":0,"33":6},"f":{"0":19,"1":3,"2":3,"3":0,"4":0,"5":38,"6":0,"7":57,"8":7,"9":0,"10":6},"b":{"0":[0,3],"1":[0,3],"2":[0,0],"3":[0,0],"4":[0,0],"5":[38,26],"6":[19,13]},"_coverageSchema":"1a1c01bbd47fc00a2c39e90264f33305004495a9","hash":"577d55c89c9a883ed9ffafecd3aa2730e2b237ec"}
,"C:\\Projects\\typescript\\src\\components\\logout.tsx": {"path":"C:\\Projects\\typescript\\src\\components\\logout.tsx","statementMap":{"0":{"start":{"line":6,"column":20},"end":{"line":6,"column":32}},"1":{"start":{"line":7,"column":20},"end":{"line":7,"column":42}},"2":{"start":{"line":9,"column":4},"end":{"line":12,"column":27}},"3":{"start":{"line":10,"column":8},"end":{"line":10,"column":33}},"4":{"start":{"line":11,"column":8},"end":{"line":11,"column":32}},"5":{"start":{"line":14,"column":4},"end":{"line":14,"column":16}}},"fnMap":{"0":{"name":"Logout","decl":{"start":{"line":5,"column":24},"end":{"line":5,"column":30}},"loc":{"start":{"line":5,"column":33},"end":{"line":16,"column":1}},"line":5},"1":{"name":"(anonymous_1)","decl":{"start":{"line":9,"column":14},"end":{"line":9,"column":15}},"loc":{"start":{"line":9,"column":20},"end":{"line":12,"column":5}},"line":9}},"branchMap":{},"s":{"0":0,"1":0,"2":0,"3":0,"4":0,"5":0},"f":{"0":0,"1":0},"b":{},"_coverageSchema":"1a1c01bbd47fc00a2c39e90264f33305004495a9","hash":"161de1592b18c2ca4588e0975fb11ffbbade070f"}
,"C:\\Projects\\typescript\\src\\components\\manager-dash.tsx": {"path":"C:\\Projects\\typescript\\src\\components\\manager-dash.tsx","statementMap":{"0":{"start":{"line":2,"column":4},"end":{"line":6,"column":6}}},"fnMap":{"0":{"name":"ManagerDash","decl":{"start":{"line":1,"column":24},"end":{"line":1,"column":35}},"loc":{"start":{"line":1,"column":51},"end":{"line":7,"column":1}},"line":1}},"branchMap":{},"s":{"0":0},"f":{"0":0},"b":{},"_coverageSchema":"1a1c01bbd47fc00a2c39e90264f33305004495a9","hash":"b6d93cdd6f8f6d3d14fe47e15651f78e8e6e927c"}
,"C:\\Projects\\typescript\\src\\components\\modal.tsx": {"path":"C:\\Projects\\typescript\\src\\components\\modal.tsx","statementMap":{"0":{"start":{"line":9,"column":8},"end":{"line":9,"column":31}},"1":{"start":{"line":10,"column":8},"end":{"line":10,"column":31}},"2":{"start":{"line":14,"column":8},"end":{"line":23,"column":9}},"3":{"start":{"line":15,"column":12},"end":{"line":20,"column":24}},"4":{"start":{"line":16,"column":65},"end":{"line":16,"column":81}},"5":{"start":{"line":22,"column":12},"end":{"line":22,"column":24}}},"fnMap":{"0":{"name":"(anonymous_0)","decl":{"start":{"line":8,"column":4},"end":{"line":8,"column":5}},"loc":{"start":{"line":8,"column":48},"end":{"line":11,"column":5}},"line":8},"1":{"name":"(anonymous_1)","decl":{"start":{"line":13,"column":4},"end":{"line":13,"column":5}},"loc":{"start":{"line":13,"column":13},"end":{"line":24,"column":5}},"line":13},"2":{"name":"(anonymous_2)","decl":{"start":{"line":16,"column":54},"end":{"line":16,"column":55}},"loc":{"start":{"line":16,"column":65},"end":{"line":16,"column":81}},"line":16}},"branchMap":{"0":{"loc":{"start":{"line":14,"column":8},"end":{"line":23,"column":9}},"type":"if","locations":[{"start":{"line":14,"column":8},"end":{"line":23,"column":9}},{"start":{"line":21,"column":15},"end":{"line":23,"column":9}}],"line":14}},"s":{"0":0,"1":0,"2":0,"3":0,"4":0,"5":0},"f":{"0":0,"1":0,"2":0},"b":{"0":[0,0]},"_coverageSchema":"1a1c01bbd47fc00a2c39e90264f33305004495a9","hash":"d5601d4c71d5424f64f00d4c8ac043dccda94a5b"}
,"C:\\Projects\\typescript\\src\\components\\nav-bar.tsx": {"path":"C:\\Projects\\typescript\\src\\components\\nav-bar.tsx","statementMap":{"0":{"start":{"line":7,"column":4},"end":{"line":11,"column":6}},"1":{"start":{"line":9,"column":39},"end":{"line":9,"column":107}}},"fnMap":{"0":{"name":"NavBar","decl":{"start":{"line":5,"column":24},"end":{"line":5,"column":30}},"loc":{"start":{"line":5,"column":60},"end":{"line":12,"column":1}},"line":5},"1":{"name":"(anonymous_1)","decl":{"start":{"line":9,"column":30},"end":{"line":9,"column":31}},"loc":{"start":{"line":9,"column":39},"end":{"line":9,"column":107}},"line":9}},"branchMap":{},"s":{"0":0,"1":0},"f":{"0":0,"1":0},"b":{},"_coverageSchema":"1a1c01bbd47fc00a2c39e90264f33305004495a9","hash":"6a6987af9ff95c725f0d607ac37ee7c398393a46"}
,"C:\\Projects\\typescript\\src\\components\\nav-button.tsx": {"path":"C:\\Projects\\typescript\\src\\components\\nav-button.tsx","statementMap":{"0":{"start":{"line":12,"column":20},"end":{"line":12,"column":32}},"1":{"start":{"line":13,"column":20},"end":{"line":13,"column":42}},"2":{"start":{"line":14,"column":34},"end":{"line":14,"column":49}},"3":{"start":{"line":17,"column":8},"end":{"line":17,"column":26}},"4":{"start":{"line":21,"column":19},"end":{"line":21,"column":55}},"5":{"start":{"line":22,"column":8},"end":{"line":31,"column":9}},"6":{"start":{"line":24,"column":16},"end":{"line":24,"column":36}},"7":{"start":{"line":25,"column":16},"end":{"line":25,"column":22}},"8":{"start":{"line":27,"column":16},"end":{"line":27,"column":40}},"9":{"start":{"line":28,"column":16},"end":{"line":28,"column":22}},"10":{"start":{"line":30,"column":16},"end":{"line":30,"column":56}},"11":{"start":{"line":34,"column":4},"end":{"line":39,"column":6}}},"fnMap":{"0":{"name":"NavButton","decl":{"start":{"line":11,"column":24},"end":{"line":11,"column":33}},"loc":{"start":{"line":11,"column":61},"end":{"line":41,"column":1}},"line":11},"1":{"name":"showModal","decl":{"start":{"line":16,"column":13},"end":{"line":16,"column":22}},"loc":{"start":{"line":16,"column":45},"end":{"line":18,"column":5}},"line":16},"2":{"name":"onClick","decl":{"start":{"line":20,"column":13},"end":{"line":20,"column":20}},"loc":{"start":{"line":20,"column":29},"end":{"line":32,"column":5}},"line":20}},"branchMap":{"0":{"loc":{"start":{"line":22,"column":8},"end":{"line":31,"column":9}},"type":"switch","locations":[{"start":{"line":23,"column":12},"end":{"line":25,"column":22}},{"start":{"line":26,"column":12},"end":{"line":28,"column":22}},{"start":{"line":29,"column":12},"end":{"line":30,"column":56}}],"line":22}},"s":{"0":0,"1":0,"2":0,"3":0,"4":0,"5":0,"6":0,"7":0,"8":0,"9":0,"10":0,"11":0},"f":{"0":0,"1":0,"2":0},"b":{"0":[0,0,0]},"_coverageSchema":"1a1c01bbd47fc00a2c39e90264f33305004495a9","hash":"6c9a76c50f480111a95382510c366d418143594a"}
,"C:\\Projects\\typescript\\src\\components\\notification.tsx": {"path":"C:\\Projects\\typescript\\src\\components\\notification.tsx","statementMap":{"0":{"start":{"line":15,"column":28},"end":{"line":15,"column":40}},"1":{"start":{"line":16,"column":30},"end":{"line":16,"column":61}},"2":{"start":{"line":17,"column":28},"end":{"line":17,"column":54}},"3":{"start":{"line":18,"column":28},"end":{"line":18,"column":40}},"4":{"start":{"line":19,"column":36},"end":{"line":19,"column":48}},"5":{"start":{"line":20,"column":36},"end":{"line":20,"column":48}},"6":{"start":{"line":21,"column":20},"end":{"line":21,"column":42}},"7":{"start":{"line":22,"column":20},"end":{"line":22,"column":32}},"8":{"start":{"line":24,"column":43},"end":{"line":24,"column":62}},"9":{"start":{"line":26,"column":4},"end":{"line":28,"column":11}},"10":{"start":{"line":27,"column":8},"end":{"line":27,"column":20}},"11":{"start":{"line":31,"column":8},"end":{"line":34,"column":11}},"12":{"start":{"line":32,"column":12},"end":{"line":33,"column":71}},"13":{"start":{"line":33,"column":16},"end":{"line":33,"column":68}},"14":{"start":{"line":38,"column":8},"end":{"line":38,"column":25}},"15":{"start":{"line":40,"column":8},"end":{"line":40,"column":94}},"16":{"start":{"line":44,"column":8},"end":{"line":44,"column":31}},"17":{"start":{"line":45,"column":8},"end":{"line":45,"column":107}},"18":{"start":{"line":46,"column":19},"end":{"line":46,"column":55}},"19":{"start":{"line":47,"column":8},"end":{"line":47,"column":43}},"20":{"start":{"line":51,"column":8},"end":{"line":51,"column":20}},"21":{"start":{"line":52,"column":8},"end":{"line":52,"column":19}},"22":{"start":{"line":53,"column":8},"end":{"line":53,"column":24}},"23":{"start":{"line":54,"column":8},"end":{"line":54,"column":20}},"24":{"start":{"line":58,"column":8},"end":{"line":58,"column":43}},"25":{"start":{"line":61,"column":4},"end":{"line":119,"column":6}},"26":{"start":{"line":70,"column":79},"end":{"line":70,"column":102}},"27":{"start":{"line":72,"column":43},"end":{"line":72,"column":140}},"28":{"start":{"line":81,"column":86},"end":{"line":81,"column":118}},"29":{"start":{"line":83,"column":28},"end":{"line":84,"column":37}},"30":{"start":{"line":93,"column":69},"end":{"line":93,"column":93}},"31":{"start":{"line":94,"column":72},"end":{"line":94,"column":137}},"32":{"start":{"line":100,"column":103},"end":{"line":100,"column":130}},"33":{"start":{"line":107,"column":41},"end":{"line":107,"column":68}}},"fnMap":{"0":{"name":"Notification","decl":{"start":{"line":14,"column":24},"end":{"line":14,"column":36}},"loc":{"start":{"line":14,"column":52},"end":{"line":120,"column":1}},"line":14},"1":{"name":"(anonymous_1)","decl":{"start":{"line":26,"column":14},"end":{"line":26,"column":15}},"loc":{"start":{"line":26,"column":20},"end":{"line":28,"column":5}},"line":26},"2":{"name":"loadUsers","decl":{"start":{"line":30,"column":13},"end":{"line":30,"column":22}},"loc":{"start":{"line":30,"column":31},"end":{"line":35,"column":5}},"line":30},"3":{"name":"(anonymous_3)","decl":{"start":{"line":31,"column":44},"end":{"line":31,"column":45}},"loc":{"start":{"line":31,"column":54},"end":{"line":34,"column":9}},"line":31},"4":{"name":"(anonymous_4)","decl":{"start":{"line":32,"column":41},"end":{"line":32,"column":42}},"loc":{"start":{"line":33,"column":16},"end":{"line":33,"column":68}},"line":33},"5":{"name":"onSelectDocument","decl":{"start":{"line":37,"column":13},"end":{"line":37,"column":29}},"loc":{"start":{"line":37,"column":49},"end":{"line":41,"column":5}},"line":37},"6":{"name":"onSubmit","decl":{"start":{"line":43,"column":13},"end":{"line":43,"column":21}},"loc":{"start":{"line":43,"column":46},"end":{"line":48,"column":5}},"line":43},"7":{"name":"onClear","decl":{"start":{"line":50,"column":13},"end":{"line":50,"column":20}},"loc":{"start":{"line":50,"column":29},"end":{"line":55,"column":5}},"line":50},"8":{"name":"isDisabled","decl":{"start":{"line":57,"column":13},"end":{"line":57,"column":23}},"loc":{"start":{"line":57,"column":35},"end":{"line":59,"column":5}},"line":57},"9":{"name":"(anonymous_9)","decl":{"start":{"line":70,"column":74},"end":{"line":70,"column":75}},"loc":{"start":{"line":70,"column":79},"end":{"line":70,"column":102}},"line":70},"10":{"name":"(anonymous_10)","decl":{"start":{"line":72,"column":35},"end":{"line":72,"column":36}},"loc":{"start":{"line":72,"column":43},"end":{"line":72,"column":140}},"line":72},"11":{"name":"(anonymous_11)","decl":{"start":{"line":81,"column":81},"end":{"line":81,"column":82}},"loc":{"start":{"line":81,"column":86},"end":{"line":81,"column":118}},"line":81},"12":{"name":"(anonymous_12)","decl":{"start":{"line":82,"column":55},"end":{"line":82,"column":56}},"loc":{"start":{"line":83,"column":28},"end":{"line":84,"column":37}},"line":83},"13":{"name":"(anonymous_13)","decl":{"start":{"line":93,"column":64},"end":{"line":93,"column":65}},"loc":{"start":{"line":93,"column":69},"end":{"line":93,"column":93}},"line":93},"14":{"name":"(anonymous_14)","decl":{"start":{"line":94,"column":64},"end":{"line":94,"column":65}},"loc":{"start":{"line":94,"column":72},"end":{"line":94,"column":137}},"line":94},"15":{"name":"(anonymous_15)","decl":{"start":{"line":100,"column":94},"end":{"line":100,"column":95}},"loc":{"start":{"line":100,"column":103},"end":{"line":100,"column":130}},"line":100},"16":{"name":"(anonymous_16)","decl":{"start":{"line":107,"column":36},"end":{"line":107,"column":37}},"loc":{"start":{"line":107,"column":41},"end":{"line":107,"column":68}},"line":107}},"branchMap":{"0":{"loc":{"start":{"line":58,"column":15},"end":{"line":58,"column":42}},"type":"binary-expr","locations":[{"start":{"line":58,"column":15},"end":{"line":58,"column":20}},{"start":{"line":58,"column":24},"end":{"line":58,"column":29}},{"start":{"line":58,"column":33},"end":{"line":58,"column":42}}],"line":58},"1":{"loc":{"start":{"line":97,"column":17},"end":{"line":102,"column":26}},"type":"cond-expr","locations":[{"start":{"line":98,"column":20},"end":{"line":101,"column":26}},{"start":{"line":102,"column":22},"end":{"line":102,"column":26}}],"line":97},"2":{"loc":{"start":{"line":109,"column":74},"end":{"line":109,"column":106}},"type":"binary-expr","locations":[{"start":{"line":109,"column":74},"end":{"line":109,"column":86}},{"start":{"line":109,"column":90},"end":{"line":109,"column":106}}],"line":109}},"s":{"0":0,"1":0,"2":0,"3":0,"4":0,"5":0,"6":0,"7":0,"8":0,"9":0,"10":0,"11":0,"12":0,"13":0,"14":0,"15":0,"16":0,"17":0,"18":0,"19":0,"20":0,"21":0,"22":0,"23":0,"24":0,"25":0,"26":0,"27":0,"28":0,"29":0,"30":0,"31":0,"32":0,"33":0},"f":{"0":0,"1":0,"2":0,"3":0,"4":0,"5":0,"6":0,"7":0,"8":0,"9":0,"10":0,"11":0,"12":0,"13":0,"14":0,"15":0,"16":0},"b":{"0":[0,0,0],"1":[0,0],"2":[0,0]},"_coverageSchema":"1a1c01bbd47fc00a2c39e90264f33305004495a9","hash":"2ca7148c3529650ffefe2ed313b533dd4fa31da5"}
,"C:\\Projects\\typescript\\src\\components\\office-edit.tsx": {"path":"C:\\Projects\\typescript\\src\\components\\office-edit.tsx","statementMap":{"0":{"start":{"line":13,"column":20},"end":{"line":13,"column":42}},"1":{"start":{"line":14,"column":20},"end":{"line":14,"column":32}},"2":{"start":{"line":15,"column":21},"end":{"line":15,"column":49}},"3":{"start":{"line":16,"column":38},"end":{"line":16,"column":69}},"4":{"start":{"line":17,"column":32},"end":{"line":17,"column":54}},"5":{"start":{"line":18,"column":28},"end":{"line":18,"column":48}},"6":{"start":{"line":21,"column":4},"end":{"line":29,"column":19}},"7":{"start":{"line":22,"column":8},"end":{"line":22,"column":82}},"8":{"start":{"line":22,"column":57},"end":{"line":22,"column":80}},"9":{"start":{"line":23,"column":8},"end":{"line":28,"column":9}},"10":{"start":{"line":24,"column":12},"end":{"line":27,"column":15}},"11":{"start":{"line":25,"column":16},"end":{"line":25,"column":34}},"12":{"start":{"line":26,"column":16},"end":{"line":26,"column":34}},"13":{"start":{"line":33,"column":8},"end":{"line":33,"column":31}},"14":{"start":{"line":34,"column":8},"end":{"line":34,"column":42}},"15":{"start":{"line":35,"column":8},"end":{"line":35,"column":73}},"16":{"start":{"line":39,"column":8},"end":{"line":39,"column":141}},"17":{"start":{"line":43,"column":8},"end":{"line":43,"column":28}},"18":{"start":{"line":44,"column":8},"end":{"line":44,"column":27}},"19":{"start":{"line":48,"column":8},"end":{"line":48,"column":44}},"20":{"start":{"line":49,"column":8},"end":{"line":49,"column":31}},"21":{"start":{"line":52,"column":4},"end":{"line":98,"column":6}},"22":{"start":{"line":57,"column":106},"end":{"line":57,"column":160}},"23":{"start":{"line":61,"column":108},"end":{"line":61,"column":164}},"24":{"start":{"line":65,"column":106},"end":{"line":65,"column":160}},"25":{"start":{"line":70,"column":77},"end":{"line":70,"column":112}},"26":{"start":{"line":71,"column":55},"end":{"line":71,"column":152}},"27":{"start":{"line":77,"column":112},"end":{"line":77,"column":172}},"28":{"start":{"line":81,"column":113},"end":{"line":81,"column":174}},"29":{"start":{"line":85,"column":127},"end":{"line":85,"column":164}},"30":{"start":{"line":92,"column":84},"end":{"line":92,"column":103}}},"fnMap":{"0":{"name":"OfficeEdit","decl":{"start":{"line":12,"column":24},"end":{"line":12,"column":34}},"loc":{"start":{"line":12,"column":50},"end":{"line":99,"column":1}},"line":12},"1":{"name":"(anonymous_1)","decl":{"start":{"line":21,"column":14},"end":{"line":21,"column":15}},"loc":{"start":{"line":21,"column":20},"end":{"line":29,"column":5}},"line":21},"2":{"name":"(anonymous_2)","decl":{"start":{"line":22,"column":44},"end":{"line":22,"column":45}},"loc":{"start":{"line":22,"column":57},"end":{"line":22,"column":80}},"line":22},"3":{"name":"(anonymous_3)","decl":{"start":{"line":24,"column":60},"end":{"line":24,"column":61}},"loc":{"start":{"line":24,"column":70},"end":{"line":27,"column":13}},"line":24},"4":{"name":"onSubmit","decl":{"start":{"line":32,"column":13},"end":{"line":32,"column":21}},"loc":{"start":{"line":32,"column":46},"end":{"line":36,"column":5}},"line":32},"5":{"name":"isDisabled","decl":{"start":{"line":38,"column":13},"end":{"line":38,"column":23}},"loc":{"start":{"line":38,"column":35},"end":{"line":40,"column":5}},"line":38},"6":{"name":"setData","decl":{"start":{"line":42,"column":13},"end":{"line":42,"column":20}},"loc":{"start":{"line":42,"column":64},"end":{"line":45,"column":5}},"line":42},"7":{"name":"setProvinceCode","decl":{"start":{"line":47,"column":13},"end":{"line":47,"column":28}},"loc":{"start":{"line":47,"column":50},"end":{"line":50,"column":5}},"line":47},"8":{"name":"(anonymous_8)","decl":{"start":{"line":57,"column":97},"end":{"line":57,"column":98}},"loc":{"start":{"line":57,"column":106},"end":{"line":57,"column":160}},"line":57},"9":{"name":"(anonymous_9)","decl":{"start":{"line":61,"column":99},"end":{"line":61,"column":100}},"loc":{"start":{"line":61,"column":108},"end":{"line":61,"column":164}},"line":61},"10":{"name":"(anonymous_10)","decl":{"start":{"line":65,"column":97},"end":{"line":65,"column":98}},"loc":{"start":{"line":65,"column":106},"end":{"line":65,"column":160}},"line":65},"11":{"name":"(anonymous_11)","decl":{"start":{"line":70,"column":68},"end":{"line":70,"column":69}},"loc":{"start":{"line":70,"column":77},"end":{"line":70,"column":112}},"line":70},"12":{"name":"(anonymous_12)","decl":{"start":{"line":71,"column":43},"end":{"line":71,"column":44}},"loc":{"start":{"line":71,"column":55},"end":{"line":71,"column":152}},"line":71},"13":{"name":"(anonymous_13)","decl":{"start":{"line":77,"column":103},"end":{"line":77,"column":104}},"loc":{"start":{"line":77,"column":112},"end":{"line":77,"column":172}},"line":77},"14":{"name":"(anonymous_14)","decl":{"start":{"line":81,"column":104},"end":{"line":81,"column":105}},"loc":{"start":{"line":81,"column":113},"end":{"line":81,"column":174}},"line":81},"15":{"name":"(anonymous_15)","decl":{"start":{"line":85,"column":118},"end":{"line":85,"column":119}},"loc":{"start":{"line":85,"column":127},"end":{"line":85,"column":164}},"line":85},"16":{"name":"(anonymous_16)","decl":{"start":{"line":92,"column":78},"end":{"line":92,"column":79}},"loc":{"start":{"line":92,"column":84},"end":{"line":92,"column":103}},"line":92}},"branchMap":{"0":{"loc":{"start":{"line":23,"column":8},"end":{"line":28,"column":9}},"type":"if","locations":[{"start":{"line":23,"column":8},"end":{"line":28,"column":9}},{"start":{},"end":{}}],"line":23},"1":{"loc":{"start":{"line":39,"column":15},"end":{"line":39,"column":140}},"type":"binary-expr","locations":[{"start":{"line":39,"column":15},"end":{"line":39,"column":27}},{"start":{"line":39,"column":31},"end":{"line":39,"column":45}},{"start":{"line":39,"column":49},"end":{"line":39,"column":61}},{"start":{"line":39,"column":65},"end":{"line":39,"column":95}},{"start":{"line":39,"column":99},"end":{"line":39,"column":117}},{"start":{"line":39,"column":121},"end":{"line":39,"column":140}}],"line":39},"2":{"loc":{"start":{"line":88,"column":74},"end":{"line":88,"column":106}},"type":"binary-expr","locations":[{"start":{"line":88,"column":74},"end":{"line":88,"column":86}},{"start":{"line":88,"column":90},"end":{"line":88,"column":106}}],"line":88}},"s":{"0":0,"1":0,"2":0,"3":0,"4":0,"5":0,"6":0,"7":0,"8":0,"9":0,"10":0,"11":0,"12":0,"13":0,"14":0,"15":0,"16":0,"17":0,"18":0,"19":0,"20":0,"21":0,"22":0,"23":0,"24":0,"25":0,"26":0,"27":0,"28":0,"29":0,"30":0},"f":{"0":0,"1":0,"2":0,"3":0,"4":0,"5":0,"6":0,"7":0,"8":0,"9":0,"10":0,"11":0,"12":0,"13":0,"14":0,"15":0,"16":0},"b":{"0":[0,0],"1":[0,0,0,0,0,0],"2":[0,0]},"_coverageSchema":"1a1c01bbd47fc00a2c39e90264f33305004495a9","hash":"dab941deb4cd3e07b9dcb66548e9223808784856"}
,"C:\\Projects\\typescript\\src\\components\\office-list.tsx": {"path":"C:\\Projects\\typescript\\src\\components\\office-list.tsx","statementMap":{"0":{"start":{"line":12,"column":34},"end":{"line":12,"column":63}},"1":{"start":{"line":13,"column":42},"end":{"line":13,"column":53}},"2":{"start":{"line":14,"column":38},"end":{"line":14,"column":49}},"3":{"start":{"line":15,"column":36},"end":{"line":15,"column":48}},"4":{"start":{"line":16,"column":38},"end":{"line":16,"column":69}},"5":{"start":{"line":18,"column":4},"end":{"line":21,"column":32}},"6":{"start":{"line":19,"column":8},"end":{"line":19,"column":43}},"7":{"start":{"line":20,"column":8},"end":{"line":20,"column":24}},"8":{"start":{"line":24,"column":19},"end":{"line":24,"column":34}},"9":{"start":{"line":25,"column":8},"end":{"line":25,"column":36}},"10":{"start":{"line":26,"column":8},"end":{"line":26,"column":29}},"11":{"start":{"line":30,"column":19},"end":{"line":30,"column":34}},"12":{"start":{"line":31,"column":8},"end":{"line":31,"column":36}},"13":{"start":{"line":32,"column":8},"end":{"line":32,"column":29}},"14":{"start":{"line":36,"column":8},"end":{"line":39,"column":11}},"15":{"start":{"line":37,"column":12},"end":{"line":37,"column":39}},"16":{"start":{"line":38,"column":12},"end":{"line":38,"column":44}},"17":{"start":{"line":43,"column":8},"end":{"line":45,"column":11}},"18":{"start":{"line":44,"column":12},"end":{"line":44,"column":120}},"19":{"start":{"line":44,"column":59},"end":{"line":44,"column":117}},"20":{"start":{"line":49,"column":8},"end":{"line":49,"column":26}},"21":{"start":{"line":50,"column":8},"end":{"line":50,"column":26}},"22":{"start":{"line":51,"column":8},"end":{"line":51,"column":29}},"23":{"start":{"line":54,"column":4},"end":{"line":98,"column":6}},"24":{"start":{"line":59,"column":69},"end":{"line":59,"column":100}},"25":{"start":{"line":61,"column":51},"end":{"line":61,"column":148}},"26":{"start":{"line":75,"column":16},"end":{"line":83,"column":22}}},"fnMap":{"0":{"name":"OfficeList","decl":{"start":{"line":11,"column":9},"end":{"line":11,"column":19}},"loc":{"start":{"line":11,"column":35},"end":{"line":99,"column":1}},"line":11},"1":{"name":"(anonymous_1)","decl":{"start":{"line":18,"column":14},"end":{"line":18,"column":15}},"loc":{"start":{"line":18,"column":20},"end":{"line":21,"column":5}},"line":18},"2":{"name":"onClickPrior","decl":{"start":{"line":23,"column":13},"end":{"line":23,"column":25}},"loc":{"start":{"line":23,"column":34},"end":{"line":27,"column":5}},"line":23},"3":{"name":"onClickNext","decl":{"start":{"line":29,"column":13},"end":{"line":29,"column":24}},"loc":{"start":{"line":29,"column":33},"end":{"line":33,"column":5}},"line":29},"4":{"name":"loadContent","decl":{"start":{"line":35,"column":13},"end":{"line":35,"column":24}},"loc":{"start":{"line":35,"column":59},"end":{"line":40,"column":5}},"line":35},"5":{"name":"(anonymous_5)","decl":{"start":{"line":36,"column":50},"end":{"line":36,"column":51}},"loc":{"start":{"line":36,"column":60},"end":{"line":39,"column":9}},"line":36},"6":{"name":"loadProvinces","decl":{"start":{"line":42,"column":13},"end":{"line":42,"column":26}},"loc":{"start":{"line":42,"column":35},"end":{"line":46,"column":5}},"line":42},"7":{"name":"(anonymous_7)","decl":{"start":{"line":43,"column":44},"end":{"line":43,"column":45}},"loc":{"start":{"line":43,"column":57},"end":{"line":45,"column":9}},"line":43},"8":{"name":"(anonymous_8)","decl":{"start":{"line":44,"column":40},"end":{"line":44,"column":41}},"loc":{"start":{"line":44,"column":59},"end":{"line":44,"column":117}},"line":44},"9":{"name":"filterProvinces","decl":{"start":{"line":48,"column":13},"end":{"line":48,"column":28}},"loc":{"start":{"line":48,"column":49},"end":{"line":52,"column":5}},"line":48},"10":{"name":"(anonymous_10)","decl":{"start":{"line":59,"column":64},"end":{"line":59,"column":65}},"loc":{"start":{"line":59,"column":69},"end":{"line":59,"column":100}},"line":59},"11":{"name":"(anonymous_11)","decl":{"start":{"line":61,"column":39},"end":{"line":61,"column":40}},"loc":{"start":{"line":61,"column":51},"end":{"line":61,"column":148}},"line":61},"12":{"name":"(anonymous_12)","decl":{"start":{"line":74,"column":26},"end":{"line":74,"column":27}},"loc":{"start":{"line":75,"column":16},"end":{"line":83,"column":22}},"line":75}},"branchMap":{},"s":{"0":0,"1":0,"2":0,"3":0,"4":0,"5":0,"6":0,"7":0,"8":0,"9":0,"10":0,"11":0,"12":0,"13":0,"14":0,"15":0,"16":0,"17":0,"18":0,"19":0,"20":0,"21":0,"22":0,"23":0,"24":0,"25":0,"26":0},"f":{"0":0,"1":0,"2":0,"3":0,"4":0,"5":0,"6":0,"7":0,"8":0,"9":0,"10":0,"11":0,"12":0},"b":{},"_coverageSchema":"1a1c01bbd47fc00a2c39e90264f33305004495a9","hash":"b3ef8d321c24f7be645ac7250c4c88e79f42ee40"}
,"C:\\Projects\\typescript\\src\\components\\reviewer-dash.tsx": {"path":"C:\\Projects\\typescript\\src\\components\\reviewer-dash.tsx","statementMap":{"0":{"start":{"line":4,"column":4},"end":{"line":8,"column":6}}},"fnMap":{"0":{"name":"ReviewerDash","decl":{"start":{"line":1,"column":24},"end":{"line":1,"column":36}},"loc":{"start":{"line":1,"column":52},"end":{"line":9,"column":1}},"line":1}},"branchMap":{},"s":{"0":0},"f":{"0":0},"b":{},"_coverageSchema":"1a1c01bbd47fc00a2c39e90264f33305004495a9","hash":"e152fb794f32653bbb7ebd62ae6c7231c8dd7ef8"}
,"C:\\Projects\\typescript\\src\\contexts\\app-context.ts": {"path":"C:\\Projects\\typescript\\src\\contexts\\app-context.ts","statementMap":{"0":{"start":{"line":5,"column":19},"end":{"line":10,"column":2}}},"fnMap":{},"branchMap":{},"s":{"0":2},"f":{},"b":{},"_coverageSchema":"1a1c01bbd47fc00a2c39e90264f33305004495a9","hash":"f27bf6246ee4e4752e3f3b7586ed8a0d6bffc439"}
,"C:\\Projects\\typescript\\src\\contexts\\context-model.ts": {"path":"C:\\Projects\\typescript\\src\\contexts\\context-model.ts","statementMap":{},"fnMap":{},"branchMap":{},"s":{},"f":{},"b":{},"_coverageSchema":"1a1c01bbd47fc00a2c39e90264f33305004495a9","hash":"69eb4158496dddcd792972c897d53cd92b580875"}
,"C:\\Projects\\typescript\\src\\enums\\document-type.ts": {"path":"C:\\Projects\\typescript\\src\\enums\\document-type.ts","statementMap":{},"fnMap":{},"branchMap":{},"s":{},"f":{},"b":{},"_coverageSchema":"1a1c01bbd47fc00a2c39e90264f33305004495a9","hash":"655b2db13598eb8952d667c13037d6252a65efba"}
,"C:\\Projects\\typescript\\src\\enums\\notification-type.ts": {"path":"C:\\Projects\\typescript\\src\\enums\\notification-type.ts","statementMap":{},"fnMap":{},"branchMap":{},"s":{},"f":{},"b":{},"_coverageSchema":"1a1c01bbd47fc00a2c39e90264f33305004495a9","hash":"9174e618e4fdc9cc999283d60c044f9d84ff362a"}
,"C:\\Projects\\typescript\\src\\enums\\role-type.ts": {"path":"C:\\Projects\\typescript\\src\\enums\\role-type.ts","statementMap":{},"fnMap":{},"branchMap":{},"s":{},"f":{},"b":{},"_coverageSchema":"1a1c01bbd47fc00a2c39e90264f33305004495a9","hash":"40759388fcba6e8e30ec6e2a3a5a23298eef8a5c"}
,"C:\\Projects\\typescript\\src\\models\\api-result.ts": {"path":"C:\\Projects\\typescript\\src\\models\\api-result.ts","statementMap":{"0":{"start":{"line":14,"column":8},"end":{"line":14,"column":31}},"1":{"start":{"line":15,"column":8},"end":{"line":15,"column":66}},"2":{"start":{"line":16,"column":8},"end":{"line":16,"column":26}},"3":{"start":{"line":17,"column":8},"end":{"line":17,"column":43}},"4":{"start":{"line":18,"column":8},"end":{"line":18,"column":37}},"5":{"start":{"line":19,"column":8},"end":{"line":19,"column":47}},"6":{"start":{"line":32,"column":8},"end":{"line":32,"column":36}},"7":{"start":{"line":33,"column":8},"end":{"line":33,"column":24}},"8":{"start":{"line":34,"column":8},"end":{"line":34,"column":33}},"9":{"start":{"line":35,"column":8},"end":{"line":35,"column":37}},"10":{"start":{"line":36,"column":8},"end":{"line":36,"column":27}},"11":{"start":{"line":37,"column":8},"end":{"line":37,"column":30}},"12":{"start":{"line":46,"column":8},"end":{"line":46,"column":29}},"13":{"start":{"line":47,"column":8},"end":{"line":47,"column":32}}},"fnMap":{"0":{"name":"(anonymous_0)","decl":{"start":{"line":13,"column":4},"end":{"line":13,"column":5}},"loc":{"start":{"line":13,"column":127},"end":{"line":20,"column":5}},"line":13},"1":{"name":"(anonymous_1)","decl":{"start":{"line":31,"column":4},"end":{"line":31,"column":5}},"loc":{"start":{"line":31,"column":70},"end":{"line":38,"column":5}},"line":31},"2":{"name":"(anonymous_2)","decl":{"start":{"line":45,"column":4},"end":{"line":45,"column":5}},"loc":{"start":{"line":45,"column":33},"end":{"line":48,"column":5}},"line":45}},"branchMap":{},"s":{"0":0,"1":0,"2":0,"3":0,"4":0,"5":0,"6":0,"7":0,"8":0,"9":0,"10":0,"11":0,"12":0,"13":0},"f":{"0":0,"1":0,"2":0},"b":{},"_coverageSchema":"1a1c01bbd47fc00a2c39e90264f33305004495a9","hash":"ab99db740bd852d792c5977d8555301d1ac6ee52"}
,"C:\\Projects\\typescript\\src\\models\\document.ts": {"path":"C:\\Projects\\typescript\\src\\models\\document.ts","statementMap":{},"fnMap":{},"branchMap":{},"s":{},"f":{},"b":{}}
,"C:\\Projects\\typescript\\src\\models\\employee.ts": {"path":"C:\\Projects\\typescript\\src\\models\\employee.ts","statementMap":{},"fnMap":{},"branchMap":{},"s":{},"f":{},"b":{}}
,"C:\\Projects\\typescript\\src\\models\\log.ts": {"path":"C:\\Projects\\typescript\\src\\models\\log.ts","statementMap":{},"fnMap":{},"branchMap":{},"s":{},"f":{},"b":{}}
,"C:\\Projects\\typescript\\src\\models\\office.ts": {"path":"C:\\Projects\\typescript\\src\\models\\office.ts","statementMap":{},"fnMap":{},"branchMap":{},"s":{},"f":{},"b":{},"_coverageSchema":"1a1c01bbd47fc00a2c39e90264f33305004495a9","hash":"272d35908b8a52ebdc268d2ca191983d9907d1fb"}
,"C:\\Projects\\typescript\\src\\models\\province.ts": {"path":"C:\\Projects\\typescript\\src\\models\\province.ts","statementMap":{},"fnMap":{},"branchMap":{},"s":{},"f":{},"b":{}}
,"C:\\Projects\\typescript\\src\\models\\region.ts": {"path":"C:\\Projects\\typescript\\src\\models\\region.ts","statementMap":{},"fnMap":{},"branchMap":{},"s":{},"f":{},"b":{}}
,"C:\\Projects\\typescript\\src\\models\\status.ts": {"path":"C:\\Projects\\typescript\\src\\models\\status.ts","statementMap":{},"fnMap":{},"branchMap":{},"s":{},"f":{},"b":{}}
,"C:\\Projects\\typescript\\src\\props\\credentials.ts": {"path":"C:\\Projects\\typescript\\src\\props\\credentials.ts","statementMap":{"0":{"start":{"line":6,"column":8},"end":{"line":6,"column":35}},"1":{"start":{"line":7,"column":8},"end":{"line":7,"column":33}}},"fnMap":{"0":{"name":"(anonymous_0)","decl":{"start":{"line":5,"column":4},"end":{"line":5,"column":5}},"loc":{"start":{"line":5,"column":53},"end":{"line":8,"column":5}},"line":5}},"branchMap":{},"s":{"0":0,"1":0},"f":{"0":0},"b":{},"_coverageSchema":"1a1c01bbd47fc00a2c39e90264f33305004495a9","hash":"b8a29804ebb1fc1fd74b6503e8b0c0938f538be2"}
,"C:\\Projects\\typescript\\src\\props\\location-path.ts": {"path":"C:\\Projects\\typescript\\src\\props\\location-path.ts","statementMap":{"0":{"start":{"line":6,"column":8},"end":{"line":6,"column":33}},"1":{"start":{"line":7,"column":8},"end":{"line":7,"column":49}},"2":{"start":{"line":16,"column":8},"end":{"line":16,"column":21}},"3":{"start":{"line":17,"column":8},"end":{"line":17,"column":25}}},"fnMap":{"0":{"name":"(anonymous_0)","decl":{"start":{"line":5,"column":4},"end":{"line":5,"column":5}},"loc":{"start":{"line":5,"column":61},"end":{"line":8,"column":5}},"line":5},"1":{"name":"(anonymous_1)","decl":{"start":{"line":15,"column":4},"end":{"line":15,"column":5}},"loc":{"start":{"line":15,"column":43},"end":{"line":18,"column":5}},"line":15}},"branchMap":{},"s":{"0":0,"1":0,"2":0,"3":0},"f":{"0":0,"1":0},"b":{},"_coverageSchema":"1a1c01bbd47fc00a2c39e90264f33305004495a9","hash":"763c985c596ec64ed4be73afacda1c7bd662b0ae"}
,"C:\\Projects\\typescript\\src\\props\\modal-props.ts": {"path":"C:\\Projects\\typescript\\src\\props\\modal-props.ts","statementMap":{},"fnMap":{},"branchMap":{},"s":{},"f":{},"b":{}}
,"C:\\Projects\\typescript\\src\\props\\point.ts": {"path":"C:\\Projects\\typescript\\src\\props\\point.ts","statementMap":{"0":{"start":{"line":6,"column":8},"end":{"line":6,"column":19}},"1":{"start":{"line":7,"column":8},"end":{"line":7,"column":19}}},"fnMap":{"0":{"name":"(anonymous_0)","decl":{"start":{"line":5,"column":4},"end":{"line":5,"column":5}},"loc":{"start":{"line":5,"column":38},"end":{"line":8,"column":5}},"line":5}},"branchMap":{},"s":{"0":0,"1":0},"f":{"0":0},"b":{},"_coverageSchema":"1a1c01bbd47fc00a2c39e90264f33305004495a9","hash":"a7c9476186f498724e747c2847c172b6a72ea18d"}
,"C:\\Projects\\typescript\\src\\props\\process-days.ts": {"path":"C:\\Projects\\typescript\\src\\props\\process-days.ts","statementMap":{},"fnMap":{},"branchMap":{},"s":{},"f":{},"b":{}}
,"C:\\Projects\\typescript\\src\\props\\topic.ts": {"path":"C:\\Projects\\typescript\\src\\props\\topic.ts","statementMap":{"0":{"start":{"line":11,"column":8},"end":{"line":11,"column":23}},"1":{"start":{"line":12,"column":8},"end":{"line":12,"column":27}},"2":{"start":{"line":13,"column":8},"end":{"line":13,"column":27}}},"fnMap":{"0":{"name":"(anonymous_0)","decl":{"start":{"line":10,"column":4},"end":{"line":10,"column":5}},"loc":{"start":{"line":10,"column":59},"end":{"line":14,"column":5}},"line":10}},"branchMap":{},"s":{"0":0,"1":0,"2":0},"f":{"0":0},"b":{},"_coverageSchema":"1a1c01bbd47fc00a2c39e90264f33305004495a9","hash":"34b3c70a46cc636a841422c26e9fd8d36ae8de79"}
,"C:\\Projects\\typescript\\src\\services\\base-service.ts": {"path":"C:\\Projects\\typescript\\src\\services\\base-service.ts","statementMap":{"0":{"start":{"line":4,"column":26},"end":{"line":4,"column":49}},"1":{"start":{"line":7,"column":8},"end":{"line":7,"column":36}},"2":{"start":{"line":8,"column":8},"end":{"line":12,"column":11}},"3":{"start":{"line":9,"column":12},"end":{"line":9,"column":35}},"4":{"start":{"line":11,"column":12},"end":{"line":11,"column":27}},"5":{"start":{"line":16,"column":8},"end":{"line":16,"column":36}},"6":{"start":{"line":17,"column":8},"end":{"line":23,"column":11}},"7":{"start":{"line":18,"column":12},"end":{"line":18,"column":35}},"8":{"start":{"line":20,"column":12},"end":{"line":22,"column":14}},"9":{"start":{"line":21,"column":16},"end":{"line":21,"column":24}},"10":{"start":{"line":27,"column":8},"end":{"line":27,"column":49}},"11":{"start":{"line":28,"column":8},"end":{"line":28,"column":48}},"12":{"start":{"line":29,"column":8},"end":{"line":34,"column":11}},"13":{"start":{"line":30,"column":12},"end":{"line":30,"column":35}},"14":{"start":{"line":32,"column":31},"end":{"line":32,"column":73}},"15":{"start":{"line":32,"column":64},"end":{"line":32,"column":72}},"16":{"start":{"line":33,"column":12},"end":{"line":33,"column":111}},"17":{"start":{"line":38,"column":8},"end":{"line":38,"column":36}},"18":{"start":{"line":39,"column":24},"end":{"line":43,"column":9}},"19":{"start":{"line":44,"column":8},"end":{"line":48,"column":11}},"20":{"start":{"line":45,"column":12},"end":{"line":45,"column":35}},"21":{"start":{"line":47,"column":12},"end":{"line":47,"column":27}},"22":{"start":{"line":52,"column":8},"end":{"line":52,"column":36}},"23":{"start":{"line":53,"column":24},"end":{"line":57,"column":9}},"24":{"start":{"line":58,"column":8},"end":{"line":62,"column":11}},"25":{"start":{"line":59,"column":12},"end":{"line":59,"column":35}},"26":{"start":{"line":61,"column":12},"end":{"line":61,"column":27}}},"fnMap":{"0":{"name":"(anonymous_0)","decl":{"start":{"line":6,"column":4},"end":{"line":6,"column":5}},"loc":{"start":{"line":6,"column":59},"end":{"line":13,"column":5}},"line":6},"1":{"name":"(anonymous_1)","decl":{"start":{"line":8,"column":31},"end":{"line":8,"column":32}},"loc":{"start":{"line":8,"column":43},"end":{"line":10,"column":9}},"line":8},"2":{"name":"(anonymous_2)","decl":{"start":{"line":10,"column":16},"end":{"line":10,"column":17}},"loc":{"start":{"line":10,"column":24},"end":{"line":12,"column":9}},"line":10},"3":{"name":"(anonymous_3)","decl":{"start":{"line":15,"column":4},"end":{"line":15,"column":5}},"loc":{"start":{"line":15,"column":58},"end":{"line":24,"column":5}},"line":15},"4":{"name":"(anonymous_4)","decl":{"start":{"line":17,"column":31},"end":{"line":17,"column":32}},"loc":{"start":{"line":17,"column":43},"end":{"line":19,"column":9}},"line":17},"5":{"name":"(anonymous_5)","decl":{"start":{"line":19,"column":16},"end":{"line":19,"column":17}},"loc":{"start":{"line":19,"column":24},"end":{"line":23,"column":9}},"line":19},"6":{"name":"(anonymous_6)","decl":{"start":{"line":20,"column":28},"end":{"line":20,"column":29}},"loc":{"start":{"line":21,"column":16},"end":{"line":21,"column":24}},"line":21},"7":{"name":"(anonymous_7)","decl":{"start":{"line":26,"column":4},"end":{"line":26,"column":5}},"loc":{"start":{"line":26,"column":104},"end":{"line":35,"column":5}},"line":26},"8":{"name":"(anonymous_8)","decl":{"start":{"line":29,"column":31},"end":{"line":29,"column":32}},"loc":{"start":{"line":29,"column":43},"end":{"line":31,"column":9}},"line":29},"9":{"name":"(anonymous_9)","decl":{"start":{"line":31,"column":16},"end":{"line":31,"column":17}},"loc":{"start":{"line":31,"column":42},"end":{"line":34,"column":9}},"line":31},"10":{"name":"(anonymous_10)","decl":{"start":{"line":32,"column":50},"end":{"line":32,"column":51}},"loc":{"start":{"line":32,"column":64},"end":{"line":32,"column":72}},"line":32},"11":{"name":"(anonymous_11)","decl":{"start":{"line":37,"column":4},"end":{"line":37,"column":5}},"loc":{"start":{"line":37,"column":69},"end":{"line":49,"column":5}},"line":37},"12":{"name":"(anonymous_12)","decl":{"start":{"line":44,"column":40},"end":{"line":44,"column":41}},"loc":{"start":{"line":44,"column":52},"end":{"line":46,"column":9}},"line":44},"13":{"name":"(anonymous_13)","decl":{"start":{"line":46,"column":16},"end":{"line":46,"column":17}},"loc":{"start":{"line":46,"column":24},"end":{"line":48,"column":9}},"line":46},"14":{"name":"(anonymous_14)","decl":{"start":{"line":51,"column":4},"end":{"line":51,"column":5}},"loc":{"start":{"line":51,"column":70},"end":{"line":63,"column":5}},"line":51},"15":{"name":"(anonymous_15)","decl":{"start":{"line":58,"column":40},"end":{"line":58,"column":41}},"loc":{"start":{"line":58,"column":52},"end":{"line":60,"column":9}},"line":58},"16":{"name":"(anonymous_16)","decl":{"start":{"line":60,"column":16},"end":{"line":60,"column":17}},"loc":{"start":{"line":60,"column":29},"end":{"line":62,"column":9}},"line":60}},"branchMap":{"0":{"loc":{"start":{"line":28,"column":14},"end":{"line":28,"column":47}},"type":"cond-expr","locations":[{"start":{"line":28,"column":23},"end":{"line":28,"column":41}},{"start":{"line":28,"column":44},"end":{"line":28,"column":47}}],"line":28}},"s":{"0":2,"1":0,"2":0,"3":0,"4":0,"5":0,"6":0,"7":0,"8":0,"9":0,"10":0,"11":0,"12":0,"13":0,"14":0,"15":0,"16":0,"17":0,"18":0,"19":0,"20":0,"21":0,"22":0,"23":0,"24":0,"25":0,"26":0},"f":{"0":0,"1":0,"2":0,"3":0,"4":0,"5":0,"6":0,"7":0,"8":0,"9":0,"10":0,"11":0,"12":0,"13":0,"14":0,"15":0,"16":0},"b":{"0":[0,0]},"_coverageSchema":"1a1c01bbd47fc00a2c39e90264f33305004495a9","hash":"58e227bfec1da761ab10eb2fa35c5a6bb0779f17"}
,"C:\\Projects\\typescript\\src\\services\\employee-service.ts": {"path":"C:\\Projects\\typescript\\src\\services\\employee-service.ts","statementMap":{"0":{"start":{"line":9,"column":8},"end":{"line":9,"column":88}},"1":{"start":{"line":13,"column":8},"end":{"line":13,"column":59}},"2":{"start":{"line":17,"column":8},"end":{"line":17,"column":54}}},"fnMap":{"0":{"name":"(anonymous_0)","decl":{"start":{"line":8,"column":4},"end":{"line":8,"column":5}},"loc":{"start":{"line":8,"column":75},"end":{"line":10,"column":5}},"line":8},"1":{"name":"(anonymous_1)","decl":{"start":{"line":12,"column":4},"end":{"line":12,"column":5}},"loc":{"start":{"line":12,"column":56},"end":{"line":14,"column":5}},"line":12},"2":{"name":"(anonymous_2)","decl":{"start":{"line":16,"column":4},"end":{"line":16,"column":5}},"loc":{"start":{"line":16,"column":50},"end":{"line":18,"column":5}},"line":16}},"branchMap":{},"s":{"0":0,"1":0,"2":0},"f":{"0":0,"1":0,"2":0},"b":{},"_coverageSchema":"1a1c01bbd47fc00a2c39e90264f33305004495a9","hash":"0a0975b8fe91280f88b5f808a3ab165446058867"}
,"C:\\Projects\\typescript\\src\\services\\log-service.ts": {"path":"C:\\Projects\\typescript\\src\\services\\log-service.ts","statementMap":{"0":{"start":{"line":7,"column":8},"end":{"line":7,"column":53}}},"fnMap":{"0":{"name":"(anonymous_0)","decl":{"start":{"line":6,"column":4},"end":{"line":6,"column":5}},"loc":{"start":{"line":6,"column":53},"end":{"line":8,"column":5}},"line":6}},"branchMap":{},"s":{"0":0},"f":{"0":0},"b":{},"_coverageSchema":"1a1c01bbd47fc00a2c39e90264f33305004495a9","hash":"4d229cf29a0a59b6ff87d06ae5be7a4cbeb8f601"}
,"C:\\Projects\\typescript\\src\\services\\office-service.ts": {"path":"C:\\Projects\\typescript\\src\\services\\office-service.ts","statementMap":{"0":{"start":{"line":8,"column":21},"end":{"line":8,"column":64}},"1":{"start":{"line":9,"column":8},"end":{"line":9,"column":66}},"2":{"start":{"line":13,"column":8},"end":{"line":13,"column":55}},"3":{"start":{"line":17,"column":8},"end":{"line":17,"column":72}}},"fnMap":{"0":{"name":"(anonymous_0)","decl":{"start":{"line":7,"column":4},"end":{"line":7,"column":5}},"loc":{"start":{"line":7,"column":78},"end":{"line":10,"column":5}},"line":7},"1":{"name":"(anonymous_1)","decl":{"start":{"line":12,"column":4},"end":{"line":12,"column":5}},"loc":{"start":{"line":12,"column":50},"end":{"line":14,"column":5}},"line":12},"2":{"name":"(anonymous_2)","decl":{"start":{"line":16,"column":4},"end":{"line":16,"column":5}},"loc":{"start":{"line":16,"column":56},"end":{"line":18,"column":5}},"line":16}},"branchMap":{"0":{"loc":{"start":{"line":8,"column":21},"end":{"line":8,"column":64}},"type":"cond-expr","locations":[{"start":{"line":8,"column":28},"end":{"line":8,"column":59}},{"start":{"line":8,"column":62},"end":{"line":8,"column":64}}],"line":8}},"s":{"0":0,"1":0,"2":0,"3":0},"f":{"0":0,"1":0,"2":0},"b":{"0":[0,0]},"_coverageSchema":"1a1c01bbd47fc00a2c39e90264f33305004495a9","hash":"70b129cda9a4a3dc2e85509bd8813b359f79dd03"}
,"C:\\Projects\\typescript\\src\\services\\province-service.ts": {"path":"C:\\Projects\\typescript\\src\\services\\province-service.ts","statementMap":{"0":{"start":{"line":8,"column":8},"end":{"line":8,"column":51}},"1":{"start":{"line":12,"column":8},"end":{"line":12,"column":47}}},"fnMap":{"0":{"name":"(anonymous_0)","decl":{"start":{"line":7,"column":4},"end":{"line":7,"column":5}},"loc":{"start":{"line":7,"column":47},"end":{"line":9,"column":5}},"line":7},"1":{"name":"(anonymous_1)","decl":{"start":{"line":11,"column":4},"end":{"line":11,"column":5}},"loc":{"start":{"line":11,"column":43},"end":{"line":13,"column":5}},"line":11}},"branchMap":{},"s":{"0":0,"1":0},"f":{"0":0,"1":0},"b":{},"_coverageSchema":"1a1c01bbd47fc00a2c39e90264f33305004495a9","hash":"a4477e4b742f63b730210fd4721394d50cc6d3e0"}
,"C:\\Projects\\typescript\\src\\services\\status-service.ts": {"path":"C:\\Projects\\typescript\\src\\services\\status-service.ts","statementMap":{"0":{"start":{"line":7,"column":8},"end":{"line":7,"column":44}}},"fnMap":{"0":{"name":"(anonymous_0)","decl":{"start":{"line":6,"column":4},"end":{"line":6,"column":5}},"loc":{"start":{"line":6,"column":41},"end":{"line":8,"column":5}},"line":6}},"branchMap":{},"s":{"0":0},"f":{"0":0},"b":{}}
,"C:\\Projects\\typescript\\src\\shared\\helpers.ts": {"path":"C:\\Projects\\typescript\\src\\shared\\helpers.ts","statementMap":{"0":{"start":{"line":4,"column":18},"end":{"line":4,"column":28}},"1":{"start":{"line":5,"column":8},"end":{"line":5,"column":50}},"2":{"start":{"line":6,"column":24},"end":{"line":6,"column":41}},"3":{"start":{"line":7,"column":8},"end":{"line":7,"column":61}},"4":{"start":{"line":11,"column":22},"end":{"line":11,"column":40}},"5":{"start":{"line":12,"column":8},"end":{"line":17,"column":9}},"6":{"start":{"line":13,"column":27},"end":{"line":13,"column":43}},"7":{"start":{"line":14,"column":12},"end":{"line":16,"column":13}},"8":{"start":{"line":15,"column":16},"end":{"line":15,"column":42}},"9":{"start":{"line":18,"column":8},"end":{"line":18,"column":18}},"10":{"start":{"line":22,"column":8},"end":{"line":22,"column":62}},"11":{"start":{"line":22,"column":42},"end":{"line":22,"column":60}},"12":{"start":{"line":26,"column":8},"end":{"line":38,"column":9}},"13":{"start":{"line":27,"column":23},"end":{"line":27,"column":35}},"14":{"start":{"line":28,"column":12},"end":{"line":37,"column":13}},"15":{"start":{"line":30,"column":20},"end":{"line":30,"column":42}},"16":{"start":{"line":32,"column":20},"end":{"line":32,"column":128}},"17":{"start":{"line":34,"column":20},"end":{"line":34,"column":76}},"18":{"start":{"line":36,"column":20},"end":{"line":36,"column":29}},"19":{"start":{"line":39,"column":8},"end":{"line":39,"column":17}},"20":{"start":{"line":43,"column":8},"end":{"line":43,"column":69}},"21":{"start":{"line":43,"column":44},"end":{"line":43,"column":60}},"22":{"start":{"line":47,"column":8},"end":{"line":47,"column":76}},"23":{"start":{"line":47,"column":44},"end":{"line":47,"column":74}},"24":{"start":{"line":51,"column":8},"end":{"line":51,"column":28}}},"fnMap":{"0":{"name":"(anonymous_0)","decl":{"start":{"line":3,"column":4},"end":{"line":3,"column":5}},"loc":{"start":{"line":3,"column":76},"end":{"line":8,"column":5}},"line":3},"1":{"name":"(anonymous_1)","decl":{"start":{"line":10,"column":4},"end":{"line":10,"column":5}},"loc":{"start":{"line":10,"column":63},"end":{"line":19,"column":5}},"line":10},"2":{"name":"(anonymous_2)","decl":{"start":{"line":21,"column":4},"end":{"line":21,"column":5}},"loc":{"start":{"line":21,"column":41},"end":{"line":23,"column":5}},"line":21},"3":{"name":"(anonymous_3)","decl":{"start":{"line":22,"column":29},"end":{"line":22,"column":30}},"loc":{"start":{"line":22,"column":42},"end":{"line":22,"column":60}},"line":22},"4":{"name":"(anonymous_4)","decl":{"start":{"line":25,"column":4},"end":{"line":25,"column":5}},"loc":{"start":{"line":25,"column":56},"end":{"line":40,"column":5}},"line":25},"5":{"name":"(anonymous_5)","decl":{"start":{"line":42,"column":4},"end":{"line":42,"column":5}},"loc":{"start":{"line":42,"column":80},"end":{"line":44,"column":5}},"line":42},"6":{"name":"(anonymous_6)","decl":{"start":{"line":43,"column":39},"end":{"line":43,"column":40}},"loc":{"start":{"line":43,"column":44},"end":{"line":43,"column":60}},"line":43},"7":{"name":"(anonymous_7)","decl":{"start":{"line":46,"column":4},"end":{"line":46,"column":5}},"loc":{"start":{"line":46,"column":53},"end":{"line":48,"column":5}},"line":46},"8":{"name":"(anonymous_8)","decl":{"start":{"line":47,"column":37},"end":{"line":47,"column":38}},"loc":{"start":{"line":47,"column":44},"end":{"line":47,"column":74}},"line":47},"9":{"name":"(anonymous_9)","decl":{"start":{"line":50,"column":4},"end":{"line":50,"column":5}},"loc":{"start":{"line":50,"column":65},"end":{"line":52,"column":5}},"line":50}},"branchMap":{"0":{"loc":{"start":{"line":14,"column":12},"end":{"line":16,"column":13}},"type":"if","locations":[{"start":{"line":14,"column":12},"end":{"line":16,"column":13}},{"start":{},"end":{}}],"line":14},"1":{"loc":{"start":{"line":26,"column":8},"end":{"line":38,"column":9}},"type":"if","locations":[{"start":{"line":26,"column":8},"end":{"line":38,"column":9}},{"start":{},"end":{}}],"line":26},"2":{"loc":{"start":{"line":26,"column":12},"end":{"line":26,"column":27}},"type":"binary-expr","locations":[{"start":{"line":26,"column":12},"end":{"line":26,"column":17}},{"start":{"line":26,"column":21},"end":{"line":26,"column":27}}],"line":26},"3":{"loc":{"start":{"line":28,"column":12},"end":{"line":37,"column":13}},"type":"switch","locations":[{"start":{"line":29,"column":16},"end":{"line":30,"column":42}},{"start":{"line":31,"column":16},"end":{"line":32,"column":128}},{"start":{"line":33,"column":16},"end":{"line":34,"column":76}},{"start":{"line":35,"column":16},"end":{"line":36,"column":29}}],"line":28},"4":{"loc":{"start":{"line":32,"column":27},"end":{"line":32,"column":127}},"type":"cond-expr","locations":[{"start":{"line":32,"column":72},"end":{"line":32,"column":74}},{"start":{"line":32,"column":77},"end":{"line":32,"column":127}}],"line":32},"5":{"loc":{"start":{"line":32,"column":77},"end":{"line":32,"column":127}},"type":"cond-expr","locations":[{"start":{"line":32,"column":122},"end":{"line":32,"column":123}},{"start":{"line":32,"column":126},"end":{"line":32,"column":127}}],"line":32},"6":{"loc":{"start":{"line":34,"column":27},"end":{"line":34,"column":75}},"type":"cond-expr","locations":[{"start":{"line":34,"column":46},"end":{"line":34,"column":48}},{"start":{"line":34,"column":51},"end":{"line":34,"column":75}}],"line":34},"7":{"loc":{"start":{"line":34,"column":27},"end":{"line":34,"column":43}},"type":"binary-expr","locations":[{"start":{"line":34,"column":27},"end":{"line":34,"column":33}},{"start":{"line":34,"column":37},"end":{"line":34,"column":43}}],"line":34},"8":{"loc":{"start":{"line":34,"column":51},"end":{"line":34,"column":75}},"type":"cond-expr","locations":[{"start":{"line":34,"column":70},"end":{"line":34,"column":71}},{"start":{"line":34,"column":74},"end":{"line":34,"column":75}}],"line":34},"9":{"loc":{"start":{"line":34,"column":51},"end":{"line":34,"column":67}},"type":"binary-expr","locations":[{"start":{"line":34,"column":51},"end":{"line":34,"column":56}},{"start":{"line":34,"column":60},"end":{"line":34,"column":67}}],"line":34}},"s":{"0":0,"1":0,"2":0,"3":0,"4":6,"5":6,"6":6,"7":6,"8":0,"9":6,"10":0,"11":0,"12":0,"13":0,"14":0,"15":0,"16":0,"17":0,"18":0,"19":0,"20":0,"21":0,"22":0,"23":0,"24":0},"f":{"0":0,"1":6,"2":0,"3":0,"4":0,"5":0,"6":0,"7":0,"8":0,"9":0},"b":{"0":[0,6],"1":[0,0],"2":[0,0],"3":[0,0,0,0],"4":[0,0],"5":[0,0],"6":[0,0],"7":[0,0],"8":[0,0],"9":[0,0]},"_coverageSchema":"1a1c01bbd47fc00a2c39e90264f33305004495a9","hash":"fb5ccadd2842dcad57cf1af856441f95e3091c20"}
,"C:\\Projects\\typescript\\src\\shared\\toast-manager.tsx": {"path":"C:\\Projects\\typescript\\src\\shared\\toast-manager.tsx","statementMap":{"0":{"start":{"line":7,"column":33},"end":{"line":7,"column":35}},"1":{"start":{"line":10,"column":17},"end":{"line":10,"column":76}},"2":{"start":{"line":11,"column":27},"end":{"line":11,"column":74}},"3":{"start":{"line":12,"column":4},"end":{"line":12,"column":47}},"4":{"start":{"line":13,"column":4},"end":{"line":13,"column":60}},"5":{"start":{"line":14,"column":4},"end":{"line":14,"column":39}},"6":{"start":{"line":18,"column":4},"end":{"line":18,"column":49}},"7":{"start":{"line":18,"column":26},"end":{"line":18,"column":48}},"8":{"start":{"line":19,"column":4},"end":{"line":19,"column":42}},"9":{"start":{"line":20,"column":4},"end":{"line":20,"column":18}},"10":{"start":{"line":24,"column":4},"end":{"line":24,"column":77}},"11":{"start":{"line":24,"column":60},"end":{"line":24,"column":75}},"12":{"start":{"line":25,"column":4},"end":{"line":25,"column":18}},"13":{"start":{"line":29,"column":23},"end":{"line":31,"column":6}},"14":{"start":{"line":30,"column":6},"end":{"line":30,"column":51}},"15":{"start":{"line":32,"column":4},"end":{"line":32,"column":51}},"16":{"start":{"line":36,"column":21},"end":{"line":36,"column":39}}},"fnMap":{"0":{"name":"(anonymous_0)","decl":{"start":{"line":9,"column":2},"end":{"line":9,"column":3}},"loc":{"start":{"line":9,"column":16},"end":{"line":15,"column":3}},"line":9},"1":{"name":"(anonymous_1)","decl":{"start":{"line":17,"column":2},"end":{"line":17,"column":3}},"loc":{"start":{"line":17,"column":39},"end":{"line":21,"column":3}},"line":17},"2":{"name":"(anonymous_2)","decl":{"start":{"line":18,"column":20},"end":{"line":18,"column":21}},"loc":{"start":{"line":18,"column":26},"end":{"line":18,"column":48}},"line":18},"3":{"name":"(anonymous_3)","decl":{"start":{"line":23,"column":2},"end":{"line":23,"column":3}},"loc":{"start":{"line":23,"column":35},"end":{"line":26,"column":3}},"line":23},"4":{"name":"(anonymous_4)","decl":{"start":{"line":24,"column":37},"end":{"line":24,"column":38}},"loc":{"start":{"line":24,"column":60},"end":{"line":24,"column":75}},"line":24},"5":{"name":"(anonymous_5)","decl":{"start":{"line":28,"column":2},"end":{"line":28,"column":3}},"loc":{"start":{"line":28,"column":25},"end":{"line":33,"column":3}},"line":28},"6":{"name":"(anonymous_6)","decl":{"start":{"line":29,"column":39},"end":{"line":29,"column":40}},"loc":{"start":{"line":30,"column":6},"end":{"line":30,"column":51}},"line":30}},"branchMap":{},"s":{"0":1,"1":1,"2":1,"3":1,"4":1,"5":1,"6":0,"7":0,"8":0,"9":0,"10":0,"11":0,"12":0,"13":0,"14":0,"15":0,"16":1},"f":{"0":1,"1":0,"2":0,"3":0,"4":0,"5":0,"6":0},"b":{},"_coverageSchema":"1a1c01bbd47fc00a2c39e90264f33305004495a9","hash":"473e9d6786861a6b8543cbd24cd42c8a8c9a2aca"}
,"C:\\Projects\\typescript\\src\\shared\\toast-props.ts": {"path":"C:\\Projects\\typescript\\src\\shared\\toast-props.ts","statementMap":{"0":{"start":{"line":9,"column":8},"end":{"line":9,"column":61}},"1":{"start":{"line":10,"column":8},"end":{"line":10,"column":27}},"2":{"start":{"line":11,"column":8},"end":{"line":11,"column":31}},"3":{"start":{"line":12,"column":8},"end":{"line":12,"column":33}}},"fnMap":{"0":{"name":"(anonymous_0)","decl":{"start":{"line":8,"column":4},"end":{"line":8,"column":5}},"loc":{"start":{"line":8,"column":67},"end":{"line":13,"column":5}},"line":8}},"branchMap":{},"s":{"0":0,"1":0,"2":0,"3":0},"f":{"0":0},"b":{},"_coverageSchema":"1a1c01bbd47fc00a2c39e90264f33305004495a9","hash":"f2479ccb931e1c81c1e1202ecad04f8e1c839281"}
,"C:\\Projects\\typescript\\src\\shared\\toast.tsx": {"path":"C:\\Projects\\typescript\\src\\shared\\toast.tsx","statementMap":{"0":{"start":{"line":7,"column":4},"end":{"line":13,"column":40}},"1":{"start":{"line":8,"column":8},"end":{"line":8,"column":36}},"2":{"start":{"line":8,"column":29},"end":{"line":8,"column":36}},"3":{"start":{"line":9,"column":22},"end":{"line":11,"column":26}},"4":{"start":{"line":10,"column":12},"end":{"line":10,"column":36}},"5":{"start":{"line":12,"column":8},"end":{"line":12,"column":41}},"6":{"start":{"line":12,"column":21},"end":{"line":12,"column":40}},"7":{"start":{"line":15,"column":4},"end":{"line":25,"column":6}},"8":{"start":{"line":20,"column":70},"end":{"line":20,"column":93}}},"fnMap":{"0":{"name":"Toast","decl":{"start":{"line":5,"column":24},"end":{"line":5,"column":29}},"loc":{"start":{"line":5,"column":49},"end":{"line":26,"column":1}},"line":5},"1":{"name":"(anonymous_1)","decl":{"start":{"line":7,"column":14},"end":{"line":7,"column":15}},"loc":{"start":{"line":7,"column":20},"end":{"line":13,"column":5}},"line":7},"2":{"name":"(anonymous_2)","decl":{"start":{"line":9,"column":33},"end":{"line":9,"column":34}},"loc":{"start":{"line":9,"column":39},"end":{"line":11,"column":9}},"line":9},"3":{"name":"(anonymous_3)","decl":{"start":{"line":12,"column":15},"end":{"line":12,"column":16}},"loc":{"start":{"line":12,"column":21},"end":{"line":12,"column":40}},"line":12},"4":{"name":"(anonymous_4)","decl":{"start":{"line":20,"column":64},"end":{"line":20,"column":65}},"loc":{"start":{"line":20,"column":70},"end":{"line":20,"column":93}},"line":20}},"branchMap":{"0":{"loc":{"start":{"line":8,"column":8},"end":{"line":8,"column":36}},"type":"if","locations":[{"start":{"line":8,"column":8},"end":{"line":8,"column":36}},{"start":{},"end":{}}],"line":8}},"s":{"0":0,"1":0,"2":0,"3":0,"4":0,"5":0,"6":0,"7":0,"8":0},"f":{"0":0,"1":0,"2":0,"3":0,"4":0},"b":{"0":[0,0]},"_coverageSchema":"1a1c01bbd47fc00a2c39e90264f33305004495a9","hash":"1237b445a3f8912cd534666625bb6a7876791965"}
,"C:\\Projects\\typescript\\src\\tests\\setup-tests.ts": {"path":"C:\\Projects\\typescript\\src\\tests\\setup-tests.ts","statementMap":{},"fnMap":{},"branchMap":{},"s":{},"f":{},"b":{}}
,"C:\\Projects\\typescript\\src\\views\\applicant.tsx": {"path":"C:\\Projects\\typescript\\src\\views\\applicant.tsx","statementMap":{"0":{"start":{"line":9,"column":18},"end":{"line":9,"column":40}},"1":{"start":{"line":10,"column":18},"end":{"line":10,"column":30}},"2":{"start":{"line":11,"column":19},"end":{"line":13,"column":5}},"3":{"start":{"line":15,"column":4},"end":{"line":19,"column":7}},"4":{"start":{"line":16,"column":8},"end":{"line":18,"column":9}},"5":{"start":{"line":17,"column":12},"end":{"line":17,"column":36}},"6":{"start":{"line":21,"column":4},"end":{"line":33,"column":6}}},"fnMap":{"0":{"name":"Applicant","decl":{"start":{"line":8,"column":24},"end":{"line":8,"column":33}},"loc":{"start":{"line":8,"column":49},"end":{"line":34,"column":1}},"line":8},"1":{"name":"(anonymous_1)","decl":{"start":{"line":15,"column":14},"end":{"line":15,"column":15}},"loc":{"start":{"line":15,"column":20},"end":{"line":19,"column":5}},"line":15}},"branchMap":{"0":{"loc":{"start":{"line":16,"column":8},"end":{"line":18,"column":9}},"type":"if","locations":[{"start":{"line":16,"column":8},"end":{"line":18,"column":9}},{"start":{},"end":{}}],"line":16}},"s":{"0":0,"1":0,"2":0,"3":0,"4":0,"5":0,"6":0},"f":{"0":0,"1":0},"b":{"0":[0,0]},"_coverageSchema":"1a1c01bbd47fc00a2c39e90264f33305004495a9","hash":"4d613dd33ea0ca29f889a8fcc2204257f729e4a8"}
,"C:\\Projects\\typescript\\src\\views\\auditor.tsx": {"path":"C:\\Projects\\typescript\\src\\views\\auditor.tsx","statementMap":{"0":{"start":{"line":14,"column":18},"end":{"line":14,"column":40}},"1":{"start":{"line":15,"column":18},"end":{"line":15,"column":30}},"2":{"start":{"line":16,"column":19},"end":{"line":22,"column":5}},"3":{"start":{"line":24,"column":4},"end":{"line":28,"column":7}},"4":{"start":{"line":25,"column":8},"end":{"line":27,"column":9}},"5":{"start":{"line":26,"column":12},"end":{"line":26,"column":36}},"6":{"start":{"line":30,"column":4},"end":{"line":59,"column":6}}},"fnMap":{"0":{"name":"Auditor","decl":{"start":{"line":13,"column":24},"end":{"line":13,"column":31}},"loc":{"start":{"line":13,"column":47},"end":{"line":60,"column":1}},"line":13},"1":{"name":"(anonymous_1)","decl":{"start":{"line":24,"column":14},"end":{"line":24,"column":15}},"loc":{"start":{"line":24,"column":20},"end":{"line":28,"column":5}},"line":24}},"branchMap":{"0":{"loc":{"start":{"line":25,"column":8},"end":{"line":27,"column":9}},"type":"if","locations":[{"start":{"line":25,"column":8},"end":{"line":27,"column":9}},{"start":{},"end":{}}],"line":25}},"s":{"0":0,"1":0,"2":0,"3":0,"4":0,"5":0,"6":0},"f":{"0":0,"1":0},"b":{"0":[0,0]},"_coverageSchema":"1a1c01bbd47fc00a2c39e90264f33305004495a9","hash":"9bcc7d583b11ca378bd60c122e45f57a87b8deb5"}
,"C:\\Projects\\typescript\\src\\views\\main.tsx": {"path":"C:\\Projects\\typescript\\src\\views\\main.tsx","statementMap":{"0":{"start":{"line":12,"column":4},"end":{"line":34,"column":6}}},"fnMap":{"0":{"name":"Main","decl":{"start":{"line":10,"column":24},"end":{"line":10,"column":28}},"loc":{"start":{"line":10,"column":44},"end":{"line":36,"column":1}},"line":10}},"branchMap":{},"s":{"0":1},"f":{"0":1},"b":{},"_coverageSchema":"1a1c01bbd47fc00a2c39e90264f33305004495a9","hash":"73334186309a49cec6978d76492700be630ee27c"}
,"C:\\Projects\\typescript\\src\\views\\manager.tsx": {"path":"C:\\Projects\\typescript\\src\\views\\manager.tsx","statementMap":{"0":{"start":{"line":11,"column":18},"end":{"line":11,"column":40}},"1":{"start":{"line":12,"column":18},"end":{"line":12,"column":30}},"2":{"start":{"line":13,"column":19},"end":{"line":16,"column":5}},"3":{"start":{"line":18,"column":4},"end":{"line":22,"column":7}},"4":{"start":{"line":19,"column":8},"end":{"line":21,"column":9}},"5":{"start":{"line":20,"column":12},"end":{"line":20,"column":36}},"6":{"start":{"line":24,"column":4},"end":{"line":43,"column":6}}},"fnMap":{"0":{"name":"Manager","decl":{"start":{"line":10,"column":24},"end":{"line":10,"column":31}},"loc":{"start":{"line":10,"column":47},"end":{"line":44,"column":1}},"line":10},"1":{"name":"(anonymous_1)","decl":{"start":{"line":18,"column":14},"end":{"line":18,"column":15}},"loc":{"start":{"line":18,"column":20},"end":{"line":22,"column":5}},"line":18}},"branchMap":{"0":{"loc":{"start":{"line":19,"column":8},"end":{"line":21,"column":9}},"type":"if","locations":[{"start":{"line":19,"column":8},"end":{"line":21,"column":9}},{"start":{},"end":{}}],"line":19}},"s":{"0":0,"1":0,"2":0,"3":0,"4":0,"5":0,"6":0},"f":{"0":0,"1":0},"b":{"0":[0,0]},"_coverageSchema":"1a1c01bbd47fc00a2c39e90264f33305004495a9","hash":"a90a20da14ca52493dcd26add2862a010442347c"}
,"C:\\Projects\\typescript\\src\\views\\reviewer.tsx": {"path":"C:\\Projects\\typescript\\src\\views\\reviewer.tsx","statementMap":{"0":{"start":{"line":10,"column":18},"end":{"line":10,"column":40}},"1":{"start":{"line":11,"column":18},"end":{"line":11,"column":30}},"2":{"start":{"line":12,"column":19},"end":{"line":15,"column":5}},"3":{"start":{"line":17,"column":4},"end":{"line":21,"column":7}},"4":{"start":{"line":18,"column":8},"end":{"line":20,"column":9}},"5":{"start":{"line":19,"column":12},"end":{"line":19,"column":36}},"6":{"start":{"line":23,"column":4},"end":{"line":40,"column":6}}},"fnMap":{"0":{"name":"Reviewer","decl":{"start":{"line":9,"column":24},"end":{"line":9,"column":32}},"loc":{"start":{"line":9,"column":48},"end":{"line":41,"column":1}},"line":9},"1":{"name":"(anonymous_1)","decl":{"start":{"line":17,"column":14},"end":{"line":17,"column":15}},"loc":{"start":{"line":17,"column":20},"end":{"line":21,"column":5}},"line":17}},"branchMap":{"0":{"loc":{"start":{"line":18,"column":8},"end":{"line":20,"column":9}},"type":"if","locations":[{"start":{"line":18,"column":8},"end":{"line":20,"column":9}},{"start":{},"end":{}}],"line":18}},"s":{"0":0,"1":0,"2":0,"3":0,"4":0,"5":0,"6":0},"f":{"0":0,"1":0},"b":{"0":[0,0]},"_coverageSchema":"1a1c01bbd47fc00a2c39e90264f33305004495a9","hash":"288c49badf6aa883a921e2ca3b2d3e8d98145461"}
}
